2025-02-20 17:44:59,811 [main] INFO  base.BaseSetup - Opened browser and navigated to URL
2025-02-20 17:45:19,638 [main] INFO  base.BaseSetup - Browser closed
2025-02-20 17:45:55,751 [main] INFO  base.BaseSetup - Opened browser and navigated to URL
2025-02-20 17:46:05,402 [main] INFO  base.BaseSetup - Browser closed
2025-02-20 19:32:12,308 [main] INFO  base.BaseSetup - Opened browser and navigated to URL
2025-02-20 19:41:42,621 [main] INFO  base.BaseSetup - Opened browser and navigated to URL
2025-02-20 19:42:07,245 [main] INFO  base.BaseSetup - Screenshot captured: C:\Users\HP\eclipse-workspace\Nawat/Screenshots/validateHomePage.png
2025-02-20 19:42:08,911 [main] INFO  base.BaseSetup - Browser closed
2025-02-20 19:45:00,314 [main] INFO  base.BaseSetup - Opened browser and navigated to URL
2025-02-20 19:45:40,620 [main] INFO  base.BaseSetup - Browser closed
2025-02-20 19:50:45,803 [main] INFO  base.BaseSetup - Opened browser and navigated to URL
2025-02-20 19:51:23,714 [main] INFO  base.BaseSetup - Browser closed
2025-02-20 19:56:47,883 [main] INFO  base.BaseSetup - Opened browser and navigated to URL
2025-02-20 19:57:26,023 [main] INFO  base.BaseSetup - Browser closed
2025-02-20 19:58:20,738 [main] INFO  base.BaseSetup - Opened browser and navigated to URL
2025-02-20 19:58:50,784 [main] INFO  base.BaseSetup - Browser closed
2025-02-20 19:59:19,438 [main] INFO  base.BaseSetup - Opened browser and navigated to URL
2025-02-20 19:59:48,595 [main] INFO  base.BaseSetup - Browser closed
2025-02-20 20:00:50,706 [main] INFO  base.BaseSetup - Opened browser and navigated to URL
2025-02-20 20:01:28,556 [main] INFO  base.BaseSetup - Browser closed
2025-02-20 20:02:09,217 [main] INFO  base.BaseSetup - Opened browser and navigated to URL
2025-02-20 20:02:47,187 [main] INFO  base.BaseSetup - Browser closed
2025-02-21 09:23:12,964 [main] INFO  base.BaseSetup - Opened browser and navigated to URL
2025-02-21 09:23:50,170 [main] INFO  base.BaseSetup - Browser closed
2025-02-21 09:26:04,085 [main] INFO  base.BaseSetup - Opened browser and navigated to URL
2025-02-21 09:26:50,815 [main] INFO  base.BaseSetup - Screenshot captured: C:\Users\HP\eclipse-workspace\Nawat/Screenshots/validateHomePage.png
2025-02-21 09:26:52,322 [main] INFO  base.BaseSetup - Browser closed
2025-02-21 09:29:31,623 [main] INFO  base.BaseSetup - Opened browser and navigated to URL
2025-02-21 09:30:09,919 [main] INFO  base.BaseSetup - Browser closed
2025-02-21 09:45:56,062 [main] INFO  base.BaseSetup - Opened browser and navigated to URL
2025-02-21 09:46:39,283 [main] INFO  base.BaseSetup - Browser closed
2025-02-21 09:49:09,465 [main] INFO  base.BaseSetup - Opened browser and navigated to URL
2025-02-21 09:50:01,070 [main] INFO  base.BaseSetup - Browser closed
2025-02-21 10:01:26,620 [main] INFO  base.BaseSetup - Opened browser and navigated to URL
2025-02-21 10:02:08,010 [main] INFO  base.BaseSetup - Browser closed
2025-02-21 10:04:24,663 [main] INFO  base.BaseSetup - Opened browser and navigated to URL
2025-02-21 10:05:04,570 [main] INFO  base.BaseSetup - Browser closed
2025-02-21 10:10:16,125 [main] INFO  base.BaseSetup - Opened browser and navigated to URL
2025-02-21 10:10:55,984 [main] INFO  base.BaseSetup - Browser closed
2025-02-21 10:39:49,698 [main] INFO  base.BaseSetup - Opened browser and navigated to URL
2025-02-21 10:40:28,938 [main] INFO  base.BaseSetup - Screenshot captured: C:\Users\HP\eclipse-workspace\Nawat/Screenshots/validateHomePage.png
2025-02-21 10:40:30,535 [main] INFO  base.BaseSetup - Browser closed
2025-02-21 11:43:39,011 [main] INFO  base.BaseSetup - Opened browser and navigated to URL
2025-02-21 11:44:07,265 [main] INFO  base.BaseSetup - Screenshot captured: C:\Users\HP\eclipse-workspace\Nawat/Screenshots/validateHomePage.png
2025-02-21 11:44:08,815 [main] INFO  base.BaseSetup - Browser closed
2025-02-21 15:28:43,931 [main] INFO  base.BaseSetup - Opened browser and navigated to URL
2025-02-21 15:30:12,095 [main] INFO  base.BaseSetup - Browser closed
2025-02-21 15:58:47,827 [main] INFO  base.BaseSetup - Opened browser and navigated to URL
2025-02-21 16:04:20,965 [main] INFO  base.BaseSetup - Opened browser and navigated to URL
2025-02-21 16:05:58,710 [main] INFO  base.BaseSetup - Opened browser and navigated to URL
2025-02-21 16:06:57,285 [main] INFO  base.BaseSetup - Browser closed
2025-02-21 16:14:44,314 [main] INFO  base.BaseSetup - Opened browser and navigated to URL
2025-02-21 16:15:23,023 [main] INFO  base.BaseSetup - Screenshot captured: C:\Users\HP\eclipse-workspace\Nawat/Screenshots/validateHomePage.png
2025-02-21 16:15:24,634 [main] INFO  base.BaseSetup - Browser closed
2025-02-21 16:19:57,324 [main] INFO  base.BaseSetup - Opened browser and navigated to URL
2025-02-21 16:21:04,567 [main] INFO  base.BaseSetup - Browser closed
2025-02-21 16:46:55,067 [main] INFO  base.BaseSetup - Opened browser and navigated to URL
2025-02-21 16:48:12,657 [main] INFO  base.BaseSetup - Browser closed
2025-02-21 16:49:19,426 [main] INFO  base.BaseSetup - Opened browser and navigated to URL
2025-02-21 16:51:37,912 [main] INFO  base.BaseSetup - Opened browser and navigated to URL
2025-02-21 16:59:13,681 [main] INFO  base.BaseSetup - Opened browser and navigated to URL
2025-02-21 17:00:38,738 [main] INFO  base.BaseSetup - Browser closed
2025-02-21 17:29:20,261 [main] INFO  base.BaseSetup - Opened browser and navigated to URL
2025-02-21 17:34:02,078 [main] INFO  base.BaseSetup - Screenshot captured: C:\Users\HP\eclipse-workspace\Nawat/Screenshots/validateHomePage.png
2025-02-21 17:34:03,429 [main] INFO  base.BaseSetup - Browser closed
2025-02-21 20:25:11,442 [main] INFO  base.BaseSetup - Opened browser and navigated to URL
2025-02-21 20:26:47,770 [main] INFO  base.BaseSetup - Browser closed
2025-02-24 18:50:48,039 [main] INFO  base.BaseSetup - Opened browser and navigated to URL
2025-02-24 18:52:25,885 [main] INFO  base.BaseSetup - Browser closed
2025-02-24 20:48:20,751 [main] INFO  base.BaseSetup - Opened browser and navigated to URL
2025-02-25 12:46:01,173 [main] INFO  base.BaseSetup - Opened browser and navigated to URL
2025-02-25 12:54:26,694 [main] INFO  base.BaseSetup - Screenshot captured: C:\Users\HP\eclipse-workspace\Nawat/Screenshots/validateHomePage.png
2025-02-25 12:54:28,326 [main] INFO  base.BaseSetup - Browser closed
2025-02-25 15:56:07,603 [main] INFO  base.BaseSetup - Opened browser and navigated to URL
2025-02-25 15:57:58,766 [main] INFO  base.BaseSetup - Opened browser and navigated to URL
2025-02-25 15:59:57,853 [main] INFO  base.BaseSetup - Screenshot captured: C:\Users\HP\eclipse-workspace\Nawat/Screenshots/validateHomePage.png
2025-02-25 15:59:59,508 [main] INFO  base.BaseSetup - Browser closed
2025-02-25 16:07:21,196 [main] INFO  base.BaseSetup - Opened browser and navigated to URL
2025-02-26 13:31:53,115 [main] INFO  base.BaseSetup - Opened browser and navigated to URL
2025-02-26 13:32:17,817 [main] INFO  base.BaseSetup - Screenshot captured: C:\Users\HP\eclipse-workspace\Nawat/Screenshots/validateHomePage.png
2025-02-26 13:32:22,312 [main] INFO  base.BaseSetup - Screenshot captured: C:\Users\HP\eclipse-workspace\Nawat/Screenshots/validateOrgUnitIconNavigation.png
2025-02-26 13:32:22,601 [main] INFO  base.BaseSetup - Screenshot captured: C:\Users\HP\eclipse-workspace\Nawat/Screenshots/validateOrgUnitColumns.png
2025-02-26 13:32:22,780 [main] INFO  base.BaseSetup - Screenshot captured: C:\Users\HP\eclipse-workspace\Nawat/Screenshots/validateSearchOrgUnitFunctionality.png
2025-02-26 13:32:22,958 [main] INFO  base.BaseSetup - Screenshot captured: C:\Users\HP\eclipse-workspace\Nawat/Screenshots/validateProjectIconNavigation.png
2025-02-26 13:32:26,128 [main] INFO  base.BaseSetup - Screenshot captured: C:\Users\HP\eclipse-workspace\Nawat/Screenshots/validateProjectColumns.png
2025-02-26 13:32:26,278 [main] INFO  base.BaseSetup - Screenshot captured: C:\Users\HP\eclipse-workspace\Nawat/Screenshots/validateSearchProject.png
2025-02-26 13:32:26,406 [main] INFO  base.BaseSetup - Screenshot captured: C:\Users\HP\eclipse-workspace\Nawat/Screenshots/validateDevToolKitIconNavigation.png
2025-02-26 13:32:27,933 [main] INFO  base.BaseSetup - Browser closed
2025-02-26 13:46:49,481 [main] INFO  base.BaseSetup - Opened browser and navigated to URL
2025-02-26 13:48:43,649 [main] INFO  base.BaseSetup - Screenshot captured: C:\Users\HP\eclipse-workspace\Nawat/Screenshots/validateSearchProject.png
2025-02-26 13:48:54,327 [main] INFO  base.BaseSetup - Browser closed
2025-02-26 13:58:59,478 [main] INFO  base.BaseSetup - Opened browser and navigated to URL
2025-02-26 14:00:53,286 [main] INFO  base.BaseSetup - Screenshot captured: C:\Users\HP\eclipse-workspace\Nawat/Screenshots/validateSearchProject.png
2025-02-26 14:01:03,949 [main] INFO  base.BaseSetup - Browser closed
2025-02-26 14:03:57,165 [main] INFO  base.BaseSetup - Opened browser and navigated to URL
2025-02-26 17:13:53,004 [main] INFO  base.BaseSetup - Opened browser and navigated to URL
2025-02-26 17:15:48,979 [main] INFO  base.BaseSetup - Screenshot captured: C:\Users\HP\eclipse-workspace\Nawat/Screenshots/validateSearchProject.png
2025-02-26 17:15:59,548 [main] INFO  base.BaseSetup - Browser closed
2025-02-26 20:00:37,928 [main] INFO  base.BaseSetup - Opened browser and navigated to URL
2025-02-26 20:02:33,271 [main] INFO  base.BaseSetup - Screenshot captured: C:\Users\HP\eclipse-workspace\Nawat/Screenshots/validateSearchProject.png
2025-02-26 20:09:13,680 [main] INFO  base.BaseSetup - Browser closed
2025-02-26 20:12:14,279 [main] INFO  base.BaseSetup - Opened browser and navigated to URL
2025-02-26 20:14:10,391 [main] INFO  base.BaseSetup - Screenshot captured: C:\Users\HP\eclipse-workspace\Nawat/Screenshots/validateSearchProject.png
2025-02-26 20:19:25,473 [main] INFO  base.BaseSetup - Opened browser and navigated to URL
2025-02-26 20:21:22,634 [main] INFO  base.BaseSetup - Screenshot captured: C:\Users\HP\eclipse-workspace\Nawat/Screenshots/validateSearchProject.png
2025-02-26 20:26:08,532 [main] INFO  base.BaseSetup - Browser closed
2025-02-26 20:32:25,190 [main] INFO  base.BaseSetup - Opened browser and navigated to URL
2025-02-26 20:34:27,397 [main] INFO  base.BaseSetup - Screenshot captured: C:\Users\HP\eclipse-workspace\Nawat/Screenshots/validateSearchProject.png
2025-02-26 20:38:23,470 [main] INFO  base.BaseSetup - Opened browser and navigated to URL
2025-02-26 20:40:38,184 [main] INFO  base.BaseSetup - Opened browser and navigated to URL
2025-02-26 20:41:28,712 [main] INFO  base.BaseSetup - Opened browser and navigated to URL
2025-02-26 20:42:59,586 [main] INFO  base.BaseSetup - Screenshot captured: C:\Users\HP\eclipse-workspace\Nawat/Screenshots/validateSearchProject.png
2025-02-26 20:43:12,131 [main] INFO  base.BaseSetup - Browser closed
2025-02-26 20:48:07,949 [main] INFO  base.BaseSetup - Opened browser and navigated to URL
2025-02-26 20:49:47,748 [main] INFO  base.BaseSetup - Screenshot captured: C:\Users\HP\eclipse-workspace\Nawat/Screenshots/validateSearchProject.png
2025-02-26 20:52:55,968 [main] INFO  base.BaseSetup - Opened browser and navigated to URL
2025-02-26 20:54:37,312 [main] INFO  base.BaseSetup - Screenshot captured: C:\Users\HP\eclipse-workspace\Nawat/Screenshots/validateSearchProject.png
2025-02-26 20:57:57,172 [main] INFO  base.BaseSetup - Opened browser and navigated to URL
2025-02-26 20:59:38,195 [main] INFO  base.BaseSetup - Screenshot captured: C:\Users\HP\eclipse-workspace\Nawat/Screenshots/validateSearchProject.png
2025-02-26 20:59:45,065 [main] INFO  base.BaseSetup - Screenshot captured: C:\Users\HP\eclipse-workspace\Nawat/Screenshots/validateFilterByProjectName.png
2025-02-26 20:59:46,807 [main] INFO  base.BaseSetup - Browser closed
2025-02-26 21:05:28,710 [main] INFO  base.BaseSetup - Opened browser and navigated to URL
2025-02-26 21:07:09,711 [main] INFO  base.BaseSetup - Screenshot captured: C:\Users\HP\eclipse-workspace\Nawat/Screenshots/validateSearchProject.png
2025-02-26 21:10:11,808 [main] INFO  base.BaseSetup - Opened browser and navigated to URL
2025-02-26 21:10:49,767 [main] INFO  base.BaseSetup - Browser closed
2025-02-26 21:11:40,651 [main] INFO  base.BaseSetup - Browser closed
2025-02-26 21:12:01,543 [main] INFO  base.BaseSetup - Opened browser and navigated to URL
2025-02-26 21:12:43,705 [main] INFO  base.BaseSetup - Browser closed
2025-02-26 21:15:31,023 [main] INFO  base.BaseSetup - Opened browser and navigated to URL
2025-02-26 21:16:13,834 [main] INFO  base.BaseSetup - Browser closed
2025-02-26 21:17:48,459 [main] INFO  base.BaseSetup - Opened browser and navigated to URL
2025-02-26 21:22:39,851 [main] INFO  base.BaseSetup - Browser closed
2025-02-26 21:38:27,440 [main] INFO  base.BaseSetup - Opened browser and navigated to URL
2025-02-26 21:39:08,611 [main] INFO  base.BaseSetup - Browser closed
2025-02-26 21:40:18,876 [main] INFO  base.BaseSetup - Opened browser and navigated to URL
2025-02-26 21:41:09,015 [main] INFO  base.BaseSetup - Browser closed
2025-02-27 14:06:56,183 [main] INFO  base.BaseSetup - Opened browser and navigated to URL
2025-02-27 14:07:48,341 [main] INFO  base.BaseSetup - Browser closed
2025-02-27 14:09:20,381 [main] INFO  base.BaseSetup - Opened browser and navigated to URL
2025-02-27 14:11:00,913 [main] INFO  base.BaseSetup - Screenshot captured: C:\Users\HP\eclipse-workspace\Nawat/Screenshots/validateSearchProject.png
2025-02-27 14:11:41,818 [main] INFO  base.BaseSetup - Browser closed
2025-03-05 21:07:16,662 [main] INFO  base.BaseSetup - Opened browser and navigated to URL
2025-03-05 21:08:08,591 [main] INFO  base.BaseSetup - Browser closed
2025-03-05 21:15:49,880 [main] INFO  base.BaseSetup - Opened browser and navigated to URL
2025-03-06 13:00:35,115 [main] INFO  base.BaseSetup - Opened browser and navigated to URL
2025-03-06 13:01:50,503 [main] INFO  base.BaseSetup - Opened browser and navigated to URL
2025-03-06 13:04:00,320 [main] INFO  base.BaseSetup - Screenshot captured: C:\Users\B-Mac-0002\Downloads\Nawat\Nawat/Screenshots/searchIcon.png
2025-03-06 13:04:01,786 [main] INFO  base.BaseSetup - Browser closed
2025-03-06 13:07:26,992 [main] INFO  base.BaseSetup - Opened browser and navigated to URL
2025-03-06 13:10:09,849 [main] INFO  base.BaseSetup - Screenshot captured: C:\Users\B-Mac-0002\Downloads\Nawat\Nawat/Screenshots/searchIcon.png
2025-03-06 13:10:11,175 [main] INFO  base.BaseSetup - Browser closed
2025-03-06 13:31:53,651 [main] INFO  base.BaseSetup - Opened browser and navigated to URL
2025-03-06 13:33:19,364 [main] INFO  base.BaseSetup - Screenshot captured: C:\Users\B-Mac-0002\Downloads\Nawat\Nawat/Screenshots/validateSearchOrgUnitFunctionality.png
2025-03-06 13:35:09,913 [main] INFO  base.BaseSetup - Screenshot captured: C:\Users\B-Mac-0002\Downloads\Nawat\Nawat/Screenshots/searchIcon.png
2025-03-06 13:35:11,257 [main] INFO  base.BaseSetup - Browser closed
2025-03-06 13:36:36,419 [main] INFO  base.BaseSetup - Opened browser and navigated to URL
2025-03-06 13:38:22,988 [main] INFO  base.BaseSetup - Screenshot captured: C:\Users\B-Mac-0002\Downloads\Nawat\Nawat/Screenshots/validateSearchProject.png
2025-03-06 13:45:43,150 [main] INFO  base.BaseSetup - Opened browser and navigated to URL
2025-03-06 13:48:07,401 [main] INFO  base.BaseSetup - Browser closed
2025-03-06 14:36:29,335 [main] INFO  base.BaseSetup - Opened browser and navigated to URL
2025-03-06 14:40:22,306 [main] INFO  base.BaseSetup - Screenshot captured: C:\Users\B-Mac-0002\Downloads\Nawat\Nawat/Screenshots/clickFilterIcon.png
2025-03-06 14:40:23,500 [main] INFO  base.BaseSetup - Browser closed
2025-03-06 15:22:39,193 [main] INFO  base.BaseSetup - Opened browser and navigated to URL
2025-03-06 15:26:49,968 [main] INFO  base.BaseSetup - Opened browser and navigated to URL
2025-03-06 15:28:30,521 [main] INFO  base.BaseSetup - Screenshot captured: C:\Users\B-Mac-0002\Downloads\Nawat\Nawat/Screenshots/validateSearchProject.png
2025-03-06 15:29:37,834 [main] INFO  base.BaseSetup - Screenshot captured: C:\Users\B-Mac-0002\Downloads\Nawat\Nawat/Screenshots/clickFilterIcon.png
2025-03-06 15:29:39,116 [main] INFO  base.BaseSetup - Browser closed
2025-03-06 15:30:10,754 [main] INFO  base.BaseSetup - Opened browser and navigated to URL
2025-03-06 15:32:29,330 [main] INFO  base.BaseSetup - Screenshot captured: C:\Users\B-Mac-0002\Downloads\Nawat\Nawat/Screenshots/clickFilterIcon.png
2025-03-06 15:32:30,671 [main] INFO  base.BaseSetup - Browser closed
2025-03-06 15:34:28,772 [main] INFO  base.BaseSetup - Opened browser and navigated to URL
2025-03-06 15:36:57,101 [main] INFO  base.BaseSetup - Browser closed
2025-03-06 16:05:06,979 [main] INFO  base.BaseSetup - Opened browser and navigated to URL
2025-03-06 16:06:50,375 [main] INFO  base.BaseSetup - Screenshot captured: C:\Users\B-Mac-0002\Downloads\Nawat\Nawat/Screenshots/validateFilterByProjectName.png
2025-03-06 16:06:56,207 [main] INFO  base.BaseSetup - Screenshot captured: C:\Users\B-Mac-0002\Downloads\Nawat\Nawat/Screenshots/searchIcon.png
2025-03-06 16:07:01,535 [main] INFO  base.BaseSetup - Screenshot captured: C:\Users\B-Mac-0002\Downloads\Nawat\Nawat/Screenshots/clickFilterIcon.png
2025-03-06 16:07:06,934 [main] INFO  base.BaseSetup - Screenshot captured: C:\Users\B-Mac-0002\Downloads\Nawat\Nawat/Screenshots/searchIconKubernetes.png
2025-03-06 16:07:12,409 [main] INFO  base.BaseSetup - Screenshot captured: C:\Users\B-Mac-0002\Downloads\Nawat\Nawat/Screenshots/clickFilterIconKubernetes.png
2025-03-06 16:07:13,754 [main] INFO  base.BaseSetup - Browser closed
2025-03-06 16:07:37,839 [main] INFO  base.BaseSetup - Opened browser and navigated to URL
2025-03-06 16:14:34,482 [main] INFO  base.BaseSetup - Opened browser and navigated to URL
2025-03-06 16:38:19,714 [main] INFO  base.BaseSetup - Opened browser and navigated to URL
2025-03-06 16:39:25,418 [main] INFO  base.BaseSetup - Opened browser and navigated to URL
2025-03-06 16:43:39,669 [main] INFO  base.BaseSetup - Screenshot captured: C:\Users\B-Mac-0002\Downloads\Nawat\Nawat/Screenshots/searchIconKubernetes.png
2025-03-06 16:43:59,648 [main] INFO  base.BaseSetup - Browser closed
2025-03-06 16:45:34,172 [main] INFO  base.BaseSetup - Opened browser and navigated to URL
2025-03-06 16:48:37,864 [main] INFO  base.BaseSetup - Screenshot captured: C:\Users\B-Mac-0002\Downloads\Nawat\Nawat/Screenshots/clickFilterIcon.png
2025-03-06 16:48:43,345 [main] INFO  base.BaseSetup - Screenshot captured: C:\Users\B-Mac-0002\Downloads\Nawat\Nawat/Screenshots/searchIconKubernetes.png
2025-03-06 16:48:48,818 [main] INFO  base.BaseSetup - Screenshot captured: C:\Users\B-Mac-0002\Downloads\Nawat\Nawat/Screenshots/clickFilterIconKubernetes.png
2025-03-06 16:48:50,186 [main] INFO  base.BaseSetup - Browser closed
2025-03-06 16:50:38,974 [main] INFO  base.BaseSetup - Opened browser and navigated to URL
2025-03-06 16:54:46,185 [main] INFO  base.BaseSetup - Screenshot captured: C:\Users\B-Mac-0002\Downloads\Nawat\Nawat/Screenshots/searchIconKubernetes.png
2025-03-06 16:59:45,941 [main] INFO  base.BaseSetup - Opened browser and navigated to URL
2025-03-06 17:03:54,086 [main] INFO  base.BaseSetup - Screenshot captured: C:\Users\B-Mac-0002\Downloads\Nawat\Nawat/Screenshots/searchIconKubernetes.png
2025-03-06 17:03:59,515 [main] INFO  base.BaseSetup - Screenshot captured: C:\Users\B-Mac-0002\Downloads\Nawat\Nawat/Screenshots/clickFilterIconKubernetes.png
2025-03-06 17:04:00,879 [main] INFO  base.BaseSetup - Browser closed
2025-03-06 17:08:01,365 [main] INFO  base.BaseSetup - Opened browser and navigated to URL
2025-03-06 17:12:13,698 [main] INFO  base.BaseSetup - Screenshot captured: C:\Users\B-Mac-0002\Downloads\Nawat\Nawat/Screenshots/searchIconKubernetes.png
2025-03-06 17:12:30,204 [main] INFO  base.BaseSetup - Opened browser and navigated to URL
2025-03-06 17:17:39,527 [main] INFO  base.BaseSetup - Opened browser and navigated to URL
2025-03-06 17:19:46,843 [main] INFO  base.BaseSetup - Screenshot captured: C:\Users\B-Mac-0002\Downloads\Nawat\Nawat/Screenshots/validateFilterByProjectName.png
2025-03-06 17:19:52,849 [main] INFO  base.BaseSetup - Screenshot captured: C:\Users\B-Mac-0002\Downloads\Nawat\Nawat/Screenshots/searchIcon.png
2025-03-06 17:19:58,192 [main] INFO  base.BaseSetup - Screenshot captured: C:\Users\B-Mac-0002\Downloads\Nawat\Nawat/Screenshots/clickFilterIcon.png
2025-03-06 17:20:03,503 [main] INFO  base.BaseSetup - Screenshot captured: C:\Users\B-Mac-0002\Downloads\Nawat\Nawat/Screenshots/searchIconKubernetes.png
2025-03-06 17:20:08,833 [main] INFO  base.BaseSetup - Screenshot captured: C:\Users\B-Mac-0002\Downloads\Nawat\Nawat/Screenshots/clickFilterIconKubernetes.png
2025-03-06 17:20:10,069 [main] INFO  base.BaseSetup - Browser closed
2025-03-06 17:23:59,808 [main] INFO  base.BaseSetup - Opened browser and navigated to URL
2025-03-06 17:26:09,755 [main] INFO  base.BaseSetup - Screenshot captured: C:\Users\B-Mac-0002\Downloads\Nawat\Nawat/Screenshots/searchIcon.png
2025-03-06 17:27:05,389 [main] INFO  base.BaseSetup - Screenshot captured: C:\Users\B-Mac-0002\Downloads\Nawat\Nawat/Screenshots/searchIconKubernetes.png
2025-03-06 17:33:22,717 [main] INFO  base.BaseSetup - Opened browser and navigated to URL
2025-03-06 17:35:32,001 [main] INFO  base.BaseSetup - Screenshot captured: C:\Users\B-Mac-0002\Downloads\Nawat\Nawat/Screenshots/searchIcon.png
2025-03-06 17:36:27,199 [main] INFO  base.BaseSetup - Screenshot captured: C:\Users\B-Mac-0002\Downloads\Nawat\Nawat/Screenshots/searchIconKubernetes.png
2025-03-06 17:36:32,609 [main] INFO  base.BaseSetup - Screenshot captured: C:\Users\B-Mac-0002\Downloads\Nawat\Nawat/Screenshots/clickFilterIconKubernetes.png
2025-03-06 17:36:34,060 [main] INFO  base.BaseSetup - Browser closed
2025-03-06 17:46:20,026 [main] INFO  base.BaseSetup - Opened browser and navigated to URL
2025-03-06 17:48:33,107 [main] INFO  base.BaseSetup - Screenshot captured: C:\Users\B-Mac-0002\Downloads\Nawat\Nawat/Screenshots/searchIcon.png
2025-03-06 17:49:28,094 [main] INFO  base.BaseSetup - Screenshot captured: C:\Users\B-Mac-0002\Downloads\Nawat\Nawat/Screenshots/searchKubernetes.png
2025-03-06 17:49:33,568 [main] INFO  base.BaseSetup - Screenshot captured: C:\Users\B-Mac-0002\Downloads\Nawat\Nawat/Screenshots/clickFilterIconKubernetes.png
2025-03-06 17:49:35,137 [main] INFO  base.BaseSetup - Browser closed
2025-03-06 18:03:40,909 [main] INFO  base.BaseSetup - Opened browser and navigated to URL
2025-03-06 18:07:14,798 [main] INFO  base.BaseSetup - Browser closed
2025-03-06 18:12:19,069 [main] INFO  base.BaseSetup - Opened browser and navigated to URL
2025-03-06 18:14:59,150 [main] INFO  base.BaseSetup - Screenshot captured: C:\Users\B-Mac-0002\Downloads\Nawat\Nawat/Screenshots/searchKubernetes.png
2025-03-06 18:15:04,491 [main] INFO  base.BaseSetup - Screenshot captured: C:\Users\B-Mac-0002\Downloads\Nawat\Nawat/Screenshots/clickFilterIconKubernetes.png
2025-03-06 18:15:05,768 [main] INFO  base.BaseSetup - Browser closed
2025-03-06 18:16:19,352 [main] INFO  base.BaseSetup - Opened browser and navigated to URL
2025-03-06 18:18:59,918 [main] INFO  base.BaseSetup - Screenshot captured: C:\Users\B-Mac-0002\Downloads\Nawat\Nawat/Screenshots/searchKubernetes.png
2025-03-06 18:19:05,450 [main] INFO  base.BaseSetup - Screenshot captured: C:\Users\B-Mac-0002\Downloads\Nawat\Nawat/Screenshots/clickFilterIconKubernetes.png
2025-03-06 18:19:06,926 [main] INFO  base.BaseSetup - Browser closed
2025-03-06 18:24:36,723 [main] INFO  base.BaseSetup - Opened browser and navigated to URL
2025-03-06 18:28:24,355 [main] INFO  base.BaseSetup - Opened browser and navigated to URL
2025-03-06 18:31:22,402 [main] INFO  base.BaseSetup - Browser closed
2025-03-06 19:25:44,468 [main] INFO  base.BaseSetup - Opened browser and navigated to URL
2025-03-06 19:29:42,661 [main] INFO  base.BaseSetup - Screenshot captured: C:\Users\B-Mac-0002\Downloads\Nawat\Nawat/Screenshots/clickFilterIconStorage.png
2025-03-06 19:29:43,952 [main] INFO  base.BaseSetup - Browser closed
2025-03-06 21:01:10,308 [main] INFO  base.BaseSetup - Opened browser and navigated to URL
2025-03-06 21:04:49,529 [main] INFO  base.BaseSetup - Browser closed
2025-03-07 12:34:42,749 [main] INFO  base.BaseSetup - Opened browser and navigated to URL
2025-03-07 12:38:22,876 [main] INFO  base.BaseSetup - Browser closed
2025-03-07 12:45:22,844 [main] INFO  base.BaseSetup - Opened browser and navigated to URL
2025-03-07 12:50:40,264 [main] INFO  base.BaseSetup - Screenshot captured: C:\Users\B-Mac-0002\Downloads\Nawat\Nawat/Screenshots/searchSql.png
2025-03-07 12:50:45,880 [main] INFO  base.BaseSetup - Screenshot captured: C:\Users\B-Mac-0002\Downloads\Nawat\Nawat/Screenshots/clickFilterIconSql.png
2025-03-07 12:50:47,286 [main] INFO  base.BaseSetup - Browser closed
2025-03-07 12:54:48,773 [main] INFO  base.BaseSetup - Opened browser and navigated to URL
2025-03-07 13:00:19,703 [main] INFO  base.BaseSetup - Opened browser and navigated to URL
2025-03-07 13:05:18,055 [main] INFO  base.BaseSetup - Screenshot captured: C:\Users\B-Mac-0002\Downloads\Nawat\Nawat/Screenshots/clickFilterIconSql.png
2025-03-07 13:05:19,522 [main] INFO  base.BaseSetup - Browser closed
2025-03-07 13:10:51,423 [main] INFO  base.BaseSetup - Opened browser and navigated to URL
2025-03-07 13:15:06,378 [main] INFO  base.BaseSetup - Screenshot captured: C:\Users\B-Mac-0002\Downloads\Nawat\Nawat/Screenshots/clickFilterIconSql.png
2025-03-07 13:15:07,824 [main] INFO  base.BaseSetup - Browser closed
2025-03-07 13:17:26,614 [main] INFO  base.BaseSetup - Opened browser and navigated to URL
2025-03-07 13:21:31,613 [main] INFO  base.BaseSetup - Screenshot captured: C:\Users\B-Mac-0002\Downloads\Nawat\Nawat/Screenshots/clickFilterIconSql.png
2025-03-07 13:21:33,156 [main] INFO  base.BaseSetup - Browser closed
2025-03-07 13:28:32,934 [main] INFO  base.BaseSetup - Opened browser and navigated to URL
2025-03-07 13:32:34,126 [main] INFO  base.BaseSetup - Screenshot captured: C:\Users\B-Mac-0002\Downloads\Nawat\Nawat/Screenshots/filterIconSql.png
2025-03-07 13:32:35,655 [main] INFO  base.BaseSetup - Browser closed
2025-03-07 13:37:02,923 [main] INFO  base.BaseSetup - Opened browser and navigated to URL
2025-03-07 13:41:10,041 [main] INFO  base.BaseSetup - Screenshot captured: C:\Users\B-Mac-0002\Downloads\Nawat\Nawat/Screenshots/clickFilterIconSql.png
2025-03-07 13:41:11,471 [main] INFO  base.BaseSetup - Browser closed
2025-03-07 13:45:47,545 [main] INFO  base.BaseSetup - Opened browser and navigated to URL
2025-03-07 13:49:55,621 [main] INFO  base.BaseSetup - Screenshot captured: C:\Users\B-Mac-0002\Downloads\Nawat\Nawat/Screenshots/clickFilterIconSql.png
2025-03-07 13:49:57,027 [main] INFO  base.BaseSetup - Browser closed
2025-03-07 13:53:35,819 [main] INFO  base.BaseSetup - Opened browser and navigated to URL
2025-03-07 13:57:58,943 [main] INFO  base.BaseSetup - Browser closed
2025-03-07 14:14:06,321 [main] INFO  base.BaseSetup - Opened browser and navigated to URL
2025-03-07 14:19:02,798 [main] INFO  base.BaseSetup - Browser closed
2025-03-07 15:50:15,161 [main] INFO  base.BaseSetup - Opened browser and navigated to URL
2025-03-07 15:53:07,814 [main] INFO  base.BaseSetup - Screenshot captured: C:\Users\B-Mac-0002\Downloads\Nawat\Nawat/Screenshots/clickFilterIconKubernetes.png
2025-03-07 16:05:52,924 [main] INFO  base.BaseSetup - Opened browser and navigated to URL
2025-03-07 16:10:43,347 [main] INFO  base.BaseSetup - Screenshot captured: C:\Users\B-Mac-0002\Downloads\Nawat\Nawat/Screenshots/searchIconAssocaitedBucketPage.png
2025-03-07 16:11:00,682 [main] INFO  base.BaseSetup - Browser closed
2025-03-07 16:40:31,302 [main] INFO  base.BaseSetup - Opened browser and navigated to URL
2025-03-07 16:45:09,439 [main] INFO  base.BaseSetup - Screenshot captured: C:\Users\B-Mac-0002\Downloads\Nawat\Nawat/Screenshots/searchIconAssocaitedBucketPage.png
2025-03-07 16:46:01,188 [main] INFO  base.BaseSetup - Browser closed
2025-03-07 16:52:27,632 [main] INFO  base.BaseSetup - Opened browser and navigated to URL
2025-03-07 16:52:45,777 [main] INFO  base.BaseSetup - Screenshot captured: C:\Users\B-Mac-0002\Downloads\Nawat\Nawat/Screenshots/searchIconAssocaitedBucketPage.png
2025-03-07 16:52:47,017 [main] INFO  base.BaseSetup - Browser closed
2025-03-07 16:54:07,135 [main] INFO  base.BaseSetup - Opened browser and navigated to URL
2025-03-07 16:59:04,373 [main] INFO  base.BaseSetup - Screenshot captured: C:\Users\B-Mac-0002\Downloads\Nawat\Nawat/Screenshots/searchIconAssocaitedBucketPage.png
2025-03-07 16:59:56,142 [main] INFO  base.BaseSetup - Browser closed
2025-03-07 17:13:16,436 [main] INFO  base.BaseSetup - Opened browser and navigated to URL
2025-03-07 17:19:07,987 [main] INFO  base.BaseSetup - Browser closed
2025-03-07 17:47:52,114 [main] INFO  base.BaseSetup - Opened browser and navigated to URL
2025-03-07 17:50:52,671 [main] INFO  base.BaseSetup - Screenshot captured: C:\Users\B-Mac-0002\Downloads\Nawat\Nawat/Screenshots/clickFilterIconKubernetes.png
2025-03-07 17:50:58,057 [main] INFO  base.BaseSetup - Screenshot captured: C:\Users\B-Mac-0002\Downloads\Nawat\Nawat/Screenshots/searchIconStorage.png
2025-03-07 17:51:48,119 [main] INFO  base.BaseSetup - Screenshot captured: C:\Users\B-Mac-0002\Downloads\Nawat\Nawat/Screenshots/clickFilterIconStorage.png
2025-03-07 17:51:53,517 [main] INFO  base.BaseSetup - Screenshot captured: C:\Users\B-Mac-0002\Downloads\Nawat\Nawat/Screenshots/searchIconSql.png
2025-03-07 17:52:43,021 [main] INFO  base.BaseSetup - Screenshot captured: C:\Users\B-Mac-0002\Downloads\Nawat\Nawat/Screenshots/clickFilterIconSql.png
2025-03-07 17:52:48,435 [main] INFO  base.BaseSetup - Screenshot captured: C:\Users\B-Mac-0002\Downloads\Nawat\Nawat/Screenshots/searchIconNodepool.png
2025-03-07 17:53:26,038 [main] INFO  base.BaseSetup - Opened browser and navigated to URL
2025-03-07 17:54:43,222 [main] INFO  base.BaseSetup - Screenshot captured: C:\Users\B-Mac-0002\Downloads\Nawat\Nawat/Screenshots/validateSearchProject.png
2025-03-07 17:59:40,607 [main] INFO  base.BaseSetup - Browser closed
2025-03-07 18:55:14,448 [main] INFO  base.BaseSetup - Opened browser and navigated to URL
2025-03-07 19:03:22,490 [main] INFO  base.BaseSetup - Screenshot captured: C:\Users\B-Mac-0002\Downloads\Nawat\Nawat/Screenshots/searchIconTemplate.png
2025-03-07 19:05:03,170 [main] INFO  base.BaseSetup - Opened browser and navigated to URL
2025-03-07 19:13:18,138 [main] INFO  base.BaseSetup - Screenshot captured: C:\Users\B-Mac-0002\Downloads\Nawat\Nawat/Screenshots/searchIconTemplate.png
2025-03-07 19:14:01,074 [main] INFO  base.BaseSetup - Screenshot captured: C:\Users\B-Mac-0002\Downloads\Nawat\Nawat/Screenshots/clickFilterTemplate.png
2025-03-07 19:14:02,431 [main] INFO  base.BaseSetup - Browser closed
2025-03-07 19:41:34,445 [main] INFO  base.BaseSetup - Opened browser and navigated to URL
2025-03-07 19:43:12,977 [main] INFO  base.BaseSetup - Screenshot captured: C:\Users\B-Mac-0002\Downloads\Nawat\Nawat/Screenshots/validateOrgUnitIconNavigation.png
2025-03-07 19:45:44,872 [main] INFO  base.BaseSetup - Opened browser and navigated to URL
2025-03-07 19:47:14,965 [main] INFO  base.BaseSetup - Screenshot captured: C:\Users\B-Mac-0002\Downloads\Nawat\Nawat/Screenshots/validateOrgUnitIconNavigation.png
2025-03-07 19:56:48,840 [main] INFO  base.BaseSetup - Opened browser and navigated to URL
2025-03-07 19:56:52,237 [main] INFO  base.BaseSetup - Opened browser and navigated to URL
2025-03-07 20:04:06,611 [main] INFO  base.BaseSetup - Screenshot captured: C:\Users\B-Mac-0002\Downloads\Nawat\Nawat/Screenshots/searchIconWorkspace.png
2025-03-07 20:06:45,481 [main] INFO  base.BaseSetup - Opened browser and navigated to URL
2025-03-10 14:26:01,208 [main] INFO  base.BaseSetup - Opened browser and navigated to URL
2025-03-10 14:32:55,542 [main] INFO  base.BaseSetup - Screenshot captured: C:\Users\B-Mac-0002\Downloads\Nawat\Nawat/Screenshots/searchIconTemplate.png
2025-03-10 14:33:37,264 [main] INFO  base.BaseSetup - Screenshot captured: C:\Users\B-Mac-0002\Downloads\Nawat\Nawat/Screenshots/clickFilterTemplate.png
2025-03-10 14:33:42,777 [main] INFO  base.BaseSetup - Screenshot captured: C:\Users\B-Mac-0002\Downloads\Nawat\Nawat/Screenshots/searchIconWorkspace.png
2025-03-10 14:33:48,270 [main] INFO  base.BaseSetup - Screenshot captured: C:\Users\B-Mac-0002\Downloads\Nawat\Nawat/Screenshots/clickFilterIconWorkspace.png
2025-03-10 14:33:53,646 [main] INFO  base.BaseSetup - Screenshot captured: C:\Users\B-Mac-0002\Downloads\Nawat\Nawat/Screenshots/searchIconShared.png
2025-03-10 14:39:38,079 [main] INFO  base.BaseSetup - Opened browser and navigated to URL
2025-03-10 14:46:54,268 [main] INFO  base.BaseSetup - Screenshot captured: C:\Users\B-Mac-0002\Downloads\Nawat\Nawat/Screenshots/clickFilterTemplate.png
2025-03-10 14:46:59,657 [main] INFO  base.BaseSetup - Screenshot captured: C:\Users\B-Mac-0002\Downloads\Nawat\Nawat/Screenshots/searchIconWorkspace.png
2025-03-10 14:47:05,166 [main] INFO  base.BaseSetup - Screenshot captured: C:\Users\B-Mac-0002\Downloads\Nawat\Nawat/Screenshots/clickFilterIconWorkspace.png
2025-03-10 14:47:10,819 [main] INFO  base.BaseSetup - Screenshot captured: C:\Users\B-Mac-0002\Downloads\Nawat\Nawat/Screenshots/searchIconShared.png
2025-03-10 14:48:01,222 [main] INFO  base.BaseSetup - Screenshot captured: C:\Users\B-Mac-0002\Downloads\Nawat\Nawat/Screenshots/searchIconMarketplace.png
2025-03-10 14:48:06,569 [main] INFO  base.BaseSetup - Screenshot captured: C:\Users\B-Mac-0002\Downloads\Nawat\Nawat/Screenshots/clickFilterMarketplace.png
2025-03-10 14:48:06,839 [main] INFO  base.BaseSetup - Browser closed
2025-03-10 15:41:57,112 [main] INFO  base.BaseSetup - Opened browser and navigated to URL
2025-03-10 15:49:18,340 [main] INFO  base.BaseSetup - Screenshot captured: C:\Users\B-Mac-0002\Downloads\Nawat\Nawat/Screenshots/clickFilterTemplate.png
2025-03-10 15:49:23,751 [main] INFO  base.BaseSetup - Screenshot captured: C:\Users\B-Mac-0002\Downloads\Nawat\Nawat/Screenshots/searchIconWorkspace.png
2025-03-10 15:49:29,117 [main] INFO  base.BaseSetup - Screenshot captured: C:\Users\B-Mac-0002\Downloads\Nawat\Nawat/Screenshots/clickFilterIconWorkspace.png
2025-03-10 15:49:34,475 [main] INFO  base.BaseSetup - Screenshot captured: C:\Users\B-Mac-0002\Downloads\Nawat\Nawat/Screenshots/searchIconShared.png
2025-03-10 15:55:13,456 [main] INFO  base.BaseSetup - Opened browser and navigated to URL
2025-03-10 15:56:27,792 [main] INFO  base.BaseSetup - Screenshot captured: C:\Users\B-Mac-0002\Downloads\Nawat\Nawat/Screenshots/clickFilterTemplate.png
2025-03-10 15:56:33,320 [main] INFO  base.BaseSetup - Screenshot captured: C:\Users\B-Mac-0002\Downloads\Nawat\Nawat/Screenshots/searchIconWorkspace.png
2025-03-10 15:56:38,884 [main] INFO  base.BaseSetup - Screenshot captured: C:\Users\B-Mac-0002\Downloads\Nawat\Nawat/Screenshots/clickFilterIconWorkspace.png
2025-03-10 15:56:44,252 [main] INFO  base.BaseSetup - Screenshot captured: C:\Users\B-Mac-0002\Downloads\Nawat\Nawat/Screenshots/searchIconShared.png
2025-03-10 15:59:06,296 [main] INFO  base.BaseSetup - Opened browser and navigated to URL
2025-03-10 16:00:23,453 [main] INFO  base.BaseSetup - Screenshot captured: C:\Users\B-Mac-0002\Downloads\Nawat\Nawat/Screenshots/clickFilterTemplate.png
2025-03-10 16:00:29,070 [main] INFO  base.BaseSetup - Screenshot captured: C:\Users\B-Mac-0002\Downloads\Nawat\Nawat/Screenshots/searchIconWorkspace.png
2025-03-10 16:00:34,934 [main] INFO  base.BaseSetup - Screenshot captured: C:\Users\B-Mac-0002\Downloads\Nawat\Nawat/Screenshots/clickFilterIconWorkspace.png
2025-03-10 16:00:40,529 [main] INFO  base.BaseSetup - Screenshot captured: C:\Users\B-Mac-0002\Downloads\Nawat\Nawat/Screenshots/searchIconShared.png
2025-03-10 16:02:26,534 [main] INFO  base.BaseSetup - Opened browser and navigated to URL
2025-03-10 16:04:45,058 [main] INFO  base.BaseSetup - Opened browser and navigated to URL
2025-03-10 16:06:15,765 [main] INFO  base.BaseSetup - Screenshot captured: C:\Users\B-Mac-0002\Downloads\Nawat\Nawat/Screenshots/clickFilterTemplate.png
2025-03-10 16:06:21,487 [main] INFO  base.BaseSetup - Screenshot captured: C:\Users\B-Mac-0002\Downloads\Nawat\Nawat/Screenshots/searchIconWorkspace.png
2025-03-10 16:06:27,136 [main] INFO  base.BaseSetup - Screenshot captured: C:\Users\B-Mac-0002\Downloads\Nawat\Nawat/Screenshots/clickFilterIconWorkspace.png
2025-03-10 16:06:32,837 [main] INFO  base.BaseSetup - Screenshot captured: C:\Users\B-Mac-0002\Downloads\Nawat\Nawat/Screenshots/searchIconShared.png
2025-03-10 16:07:23,524 [main] INFO  base.BaseSetup - Screenshot captured: C:\Users\B-Mac-0002\Downloads\Nawat\Nawat/Screenshots/searchIconMarketplace.png
2025-03-10 16:07:29,103 [main] INFO  base.BaseSetup - Screenshot captured: C:\Users\B-Mac-0002\Downloads\Nawat\Nawat/Screenshots/clickFilterMarketplace.png
2025-03-10 16:07:29,308 [main] INFO  base.BaseSetup - Browser closed
2025-03-10 16:08:05,841 [main] INFO  base.BaseSetup - Opened browser and navigated to URL
2025-03-10 16:09:27,380 [main] INFO  base.BaseSetup - Screenshot captured: C:\Users\B-Mac-0002\Downloads\Nawat\Nawat/Screenshots/clickFilterTemplate.png
2025-03-10 16:09:33,013 [main] INFO  base.BaseSetup - Screenshot captured: C:\Users\B-Mac-0002\Downloads\Nawat\Nawat/Screenshots/searchIconWorkspace.png
2025-03-10 16:09:38,751 [main] INFO  base.BaseSetup - Screenshot captured: C:\Users\B-Mac-0002\Downloads\Nawat\Nawat/Screenshots/clickFilterIconWorkspace.png
2025-03-10 16:09:44,425 [main] INFO  base.BaseSetup - Screenshot captured: C:\Users\B-Mac-0002\Downloads\Nawat\Nawat/Screenshots/searchIconShared.png
2025-03-10 16:10:59,598 [main] INFO  base.BaseSetup - Opened browser and navigated to URL
2025-03-10 16:12:13,982 [main] INFO  base.BaseSetup - Screenshot captured: C:\Users\B-Mac-0002\Downloads\Nawat\Nawat/Screenshots/clickFilterTemplate.png
2025-03-10 16:12:19,608 [main] INFO  base.BaseSetup - Screenshot captured: C:\Users\B-Mac-0002\Downloads\Nawat\Nawat/Screenshots/searchIconWorkspace.png
2025-03-10 16:12:25,315 [main] INFO  base.BaseSetup - Screenshot captured: C:\Users\B-Mac-0002\Downloads\Nawat\Nawat/Screenshots/clickFilterIconWorkspace.png
2025-03-10 16:12:30,835 [main] INFO  base.BaseSetup - Screenshot captured: C:\Users\B-Mac-0002\Downloads\Nawat\Nawat/Screenshots/searchIconShared.png
2025-03-10 16:13:21,682 [main] INFO  base.BaseSetup - Screenshot captured: C:\Users\B-Mac-0002\Downloads\Nawat\Nawat/Screenshots/searchIconMarketplace.png
2025-03-10 16:15:54,577 [main] INFO  base.BaseSetup - Opened browser and navigated to URL
2025-03-10 16:20:27,650 [main] INFO  base.BaseSetup - Opened browser and navigated to URL
2025-03-10 16:21:47,582 [main] INFO  base.BaseSetup - Screenshot captured: C:\Users\B-Mac-0002\Downloads\Nawat\Nawat/Screenshots/clickFilterTemplate.png
2025-03-10 16:21:53,317 [main] INFO  base.BaseSetup - Screenshot captured: C:\Users\B-Mac-0002\Downloads\Nawat\Nawat/Screenshots/searchIconWorkspace.png
2025-03-10 16:21:59,034 [main] INFO  base.BaseSetup - Screenshot captured: C:\Users\B-Mac-0002\Downloads\Nawat\Nawat/Screenshots/clickFilterIconWorkspace.png
2025-03-10 16:22:04,703 [main] INFO  base.BaseSetup - Screenshot captured: C:\Users\B-Mac-0002\Downloads\Nawat\Nawat/Screenshots/searchIconShared.png
2025-03-10 16:22:59,992 [main] INFO  base.BaseSetup - Opened browser and navigated to URL
2025-03-10 16:23:49,753 [main] INFO  base.BaseSetup - Screenshot captured: C:\Users\B-Mac-0002\Downloads\Nawat\Nawat/Screenshots/clickFilterTemplate.png
2025-03-10 16:23:55,225 [main] INFO  base.BaseSetup - Screenshot captured: C:\Users\B-Mac-0002\Downloads\Nawat\Nawat/Screenshots/searchIconWorkspace.png
2025-03-10 16:24:00,937 [main] INFO  base.BaseSetup - Screenshot captured: C:\Users\B-Mac-0002\Downloads\Nawat\Nawat/Screenshots/clickFilterIconWorkspace.png
2025-03-10 16:24:06,581 [main] INFO  base.BaseSetup - Screenshot captured: C:\Users\B-Mac-0002\Downloads\Nawat\Nawat/Screenshots/searchIconShared.png
2025-03-10 16:24:57,140 [main] INFO  base.BaseSetup - Screenshot captured: C:\Users\B-Mac-0002\Downloads\Nawat\Nawat/Screenshots/searchIconMarketplace.png
2025-03-10 16:25:02,709 [main] INFO  base.BaseSetup - Screenshot captured: C:\Users\B-Mac-0002\Downloads\Nawat\Nawat/Screenshots/clickFilterMarketplace.png
2025-03-10 16:25:02,955 [main] INFO  base.BaseSetup - Browser closed
2025-03-10 16:30:52,858 [main] INFO  base.BaseSetup - Opened browser and navigated to URL
2025-03-10 16:44:31,677 [main] INFO  base.BaseSetup - Opened browser and navigated to URL
2025-03-10 16:46:51,590 [main] INFO  base.BaseSetup - Screenshot captured: C:\Users\B-Mac-0002\Downloads\Nawat\Nawat/Screenshots/searchIconMarketplace.png
2025-03-10 16:49:03,691 [main] INFO  base.BaseSetup - Opened browser and navigated to URL
2025-03-10 16:49:38,065 [main] INFO  base.BaseSetup - Screenshot captured: C:\Users\B-Mac-0002\Downloads\Nawat\Nawat/Screenshots/searchIconMarketplace.png
2025-03-10 16:49:43,502 [main] INFO  base.BaseSetup - Screenshot captured: C:\Users\B-Mac-0002\Downloads\Nawat\Nawat/Screenshots/clickFilterMarketplace.png
2025-03-10 16:49:43,771 [main] INFO  base.BaseSetup - Browser closed
2025-03-10 16:52:09,566 [main] INFO  base.BaseSetup - Opened browser and navigated to URL
2025-03-10 16:52:44,254 [main] INFO  base.BaseSetup - Screenshot captured: C:\Users\B-Mac-0002\Downloads\Nawat\Nawat/Screenshots/searchIconMarketplace.png
2025-03-10 16:52:49,681 [main] INFO  base.BaseSetup - Screenshot captured: C:\Users\B-Mac-0002\Downloads\Nawat\Nawat/Screenshots/clickFilterMarketplace.png
2025-03-10 16:52:49,987 [main] INFO  base.BaseSetup - Browser closed
2025-03-10 16:54:46,274 [main] INFO  base.BaseSetup - Opened browser and navigated to URL
2025-03-10 16:55:24,751 [main] INFO  base.BaseSetup - Screenshot captured: C:\Users\B-Mac-0002\Downloads\Nawat\Nawat/Screenshots/clickFilterMarketplace.png
2025-03-10 16:55:25,003 [main] INFO  base.BaseSetup - Browser closed
2025-03-10 16:57:52,281 [main] INFO  base.BaseSetup - Opened browser and navigated to URL
2025-03-10 16:59:02,127 [main] INFO  base.BaseSetup - Screenshot captured: C:\Users\B-Mac-0002\Downloads\Nawat\Nawat/Screenshots/clickFilterMarketplace.png
2025-03-10 16:59:02,322 [main] INFO  base.BaseSetup - Browser closed
2025-03-10 17:00:42,036 [main] INFO  base.BaseSetup - Opened browser and navigated to URL
2025-03-10 17:01:53,580 [main] INFO  base.BaseSetup - Screenshot captured: C:\Users\B-Mac-0002\Downloads\Nawat\Nawat/Screenshots/clickFilterMarketplace.png
2025-03-10 17:01:53,955 [main] INFO  base.BaseSetup - Browser closed
2025-03-10 17:06:03,713 [main] INFO  base.BaseSetup - Opened browser and navigated to URL
2025-03-10 17:09:57,228 [main] INFO  base.BaseSetup - Opened browser and navigated to URL
2025-03-10 17:11:09,887 [main] INFO  base.BaseSetup - Screenshot captured: C:\Users\B-Mac-0002\Downloads\Nawat\Nawat/Screenshots/clickFilterMarketplace.png
2025-03-10 17:11:10,156 [main] INFO  base.BaseSetup - Browser closed
2025-03-10 17:34:22,090 [main] INFO  base.BaseSetup - Opened browser and navigated to URL
2025-03-10 17:35:17,531 [main] INFO  base.BaseSetup - Browser closed
2025-03-10 19:24:15,424 [main] INFO  base.BaseSetup - Opened browser and navigated to URL
2025-03-10 19:25:05,267 [main] INFO  base.BaseSetup - Screenshot captured: C:\Users\B-Mac-0002\Downloads\Nawat\Nawat/Screenshots/clickFilterIconAuditActions.png
2025-03-10 19:25:05,580 [main] INFO  base.BaseSetup - Browser closed
2025-03-10 19:26:55,589 [main] INFO  base.BaseSetup - Opened browser and navigated to URL
2025-03-10 19:27:44,755 [main] INFO  base.BaseSetup - Screenshot captured: C:\Users\B-Mac-0002\Downloads\Nawat\Nawat/Screenshots/clickFilterIconAuditActions.png
2025-03-10 19:27:45,113 [main] INFO  base.BaseSetup - Browser closed
2025-03-10 19:32:32,342 [main] INFO  base.BaseSetup - Opened browser and navigated to URL
2025-03-10 19:33:27,143 [main] INFO  base.BaseSetup - Browser closed
2025-03-10 20:05:06,657 [main] INFO  base.BaseSetup - Opened browser and navigated to URL
2025-03-10 20:06:01,503 [main] INFO  base.BaseSetup - Browser closed
2025-03-10 20:08:43,737 [main] INFO  base.BaseSetup - Opened browser and navigated to URL
2025-03-10 20:09:36,567 [main] INFO  base.BaseSetup - Browser closed
2025-03-11 12:48:34,690 [main] INFO  base.BaseSetup - Opened browser and navigated to URL
2025-03-11 12:49:05,195 [main] INFO  base.BaseSetup - Screenshot captured: C:\Users\B-Mac-0002\Downloads\Nawat\Nawat/Screenshots/searchUsers.png
2025-03-11 12:49:34,047 [main] INFO  base.BaseSetup - Browser closed
2025-03-11 13:00:28,347 [main] INFO  base.BaseSetup - Opened browser and navigated to URL
2025-03-11 13:01:26,845 [main] INFO  base.BaseSetup - Browser closed
2025-03-11 13:33:45,818 [main] INFO  base.BaseSetup - Opened browser and navigated to URL
2025-03-11 13:34:48,818 [main] INFO  base.BaseSetup - Browser closed
2025-03-11 13:41:48,975 [main] INFO  base.BaseSetup - Opened browser and navigated to URL
2025-03-11 13:43:19,277 [main] INFO  base.BaseSetup - Browser closed
2025-03-11 13:47:23,499 [main] INFO  base.BaseSetup - Opened browser and navigated to URL
2025-03-11 13:49:26,866 [main] INFO  base.BaseSetup - Screenshot captured: C:\Users\B-Mac-0002\Downloads\Nawat\Nawat/Screenshots/ValidateFilterData.png
2025-03-11 13:49:27,085 [main] INFO  base.BaseSetup - Browser closed
2025-03-11 13:50:23,030 [main] INFO  base.BaseSetup - Opened browser and navigated to URL
2025-03-11 13:51:48,905 [main] INFO  base.BaseSetup - Opened browser and navigated to URL
2025-03-11 13:53:02,397 [main] INFO  base.BaseSetup - Screenshot captured: C:\Users\B-Mac-0002\Downloads\Nawat\Nawat/Screenshots/ValidateFilterData.png
2025-03-11 13:53:02,969 [main] INFO  base.BaseSetup - Browser closed
2025-03-11 13:54:25,406 [main] INFO  base.BaseSetup - Opened browser and navigated to URL
2025-03-11 13:55:50,852 [main] INFO  base.BaseSetup - Screenshot captured: C:\Users\B-Mac-0002\Downloads\Nawat\Nawat/Screenshots/ValidateFilterData.png
2025-03-11 13:55:51,225 [main] INFO  base.BaseSetup - Browser closed
2025-03-11 14:10:44,182 [main] INFO  base.BaseSetup - Opened browser and navigated to URL
2025-03-11 14:11:56,032 [main] INFO  base.BaseSetup - Screenshot captured: C:\Users\B-Mac-0002\Downloads\Nawat\Nawat/Screenshots/ValidateFilterData.png
2025-03-11 14:11:56,332 [main] INFO  base.BaseSetup - Browser closed
2025-03-11 14:13:39,234 [main] INFO  base.BaseSetup - Opened browser and navigated to URL
2025-03-11 14:14:51,331 [main] INFO  base.BaseSetup - Screenshot captured: C:\Users\B-Mac-0002\Downloads\Nawat\Nawat/Screenshots/ValidateFilterData.png
2025-03-11 14:14:51,558 [main] INFO  base.BaseSetup - Browser closed
2025-03-11 14:17:20,637 [main] INFO  base.BaseSetup - Opened browser and navigated to URL
2025-03-11 14:18:36,864 [main] INFO  base.BaseSetup - Screenshot captured: C:\Users\B-Mac-0002\Downloads\Nawat\Nawat/Screenshots/ValidateFilterData.png
2025-03-11 14:18:37,068 [main] INFO  base.BaseSetup - Browser closed
2025-03-11 14:19:23,224 [main] INFO  base.BaseSetup - Opened browser and navigated to URL
2025-03-11 14:20:28,012 [main] INFO  base.BaseSetup - Screenshot captured: C:\Users\B-Mac-0002\Downloads\Nawat\Nawat/Screenshots/ValidateFilterData.png
2025-03-11 14:20:28,253 [main] INFO  base.BaseSetup - Browser closed
2025-03-11 14:24:45,271 [main] INFO  base.BaseSetup - Opened browser and navigated to URL
2025-03-11 14:25:52,563 [main] INFO  base.BaseSetup - Browser closed
2025-03-11 15:38:34,575 [main] INFO  base.BaseSetup - Opened browser and navigated to URL
2025-03-11 15:39:55,699 [main] INFO  base.BaseSetup - Screenshot captured: C:\Users\B-Mac-0002\Downloads\Nawat\Nawat/Screenshots/searchIconMarketplace.png
2025-03-11 15:39:55,881 [main] INFO  base.BaseSetup - Screenshot captured: C:\Users\B-Mac-0002\Downloads\Nawat\Nawat/Screenshots/ValidateMarketplaceModuleName.png
2025-03-11 15:39:56,015 [main] INFO  base.BaseSetup - Screenshot captured: C:\Users\B-Mac-0002\Downloads\Nawat\Nawat/Screenshots/ValidateMarketplaceData.png
2025-03-11 15:40:38,118 [main] INFO  base.BaseSetup - Opened browser and navigated to URL
2025-03-11 15:41:58,705 [main] INFO  base.BaseSetup - Screenshot captured: C:\Users\B-Mac-0002\Downloads\Nawat\Nawat/Screenshots/searchIconMarketplace.png
2025-03-11 15:41:58,857 [main] INFO  base.BaseSetup - Screenshot captured: C:\Users\B-Mac-0002\Downloads\Nawat\Nawat/Screenshots/ValidateMarketplaceModuleName.png
2025-03-11 15:41:58,988 [main] INFO  base.BaseSetup - Screenshot captured: C:\Users\B-Mac-0002\Downloads\Nawat\Nawat/Screenshots/ValidateMarketplaceData.png
2025-03-11 15:44:01,858 [main] INFO  base.BaseSetup - Opened browser and navigated to URL
2025-03-11 15:45:22,514 [main] INFO  base.BaseSetup - Screenshot captured: C:\Users\B-Mac-0002\Downloads\Nawat\Nawat/Screenshots/searchIconMarketplace.png
2025-03-11 15:45:22,763 [main] INFO  base.BaseSetup - Screenshot captured: C:\Users\B-Mac-0002\Downloads\Nawat\Nawat/Screenshots/ValidateMarketplaceModuleName.png
2025-03-11 15:45:23,039 [main] INFO  base.BaseSetup - Screenshot captured: C:\Users\B-Mac-0002\Downloads\Nawat\Nawat/Screenshots/ValidateMarketplaceData.png
2025-03-11 15:46:53,469 [main] INFO  base.BaseSetup - Screenshot captured: C:\Users\B-Mac-0002\Downloads\Nawat\Nawat/Screenshots/clickFilterMarketplace.png
2025-03-11 15:46:53,799 [main] INFO  base.BaseSetup - Browser closed
2025-03-11 15:49:04,285 [main] INFO  base.BaseSetup - Opened browser and navigated to URL
2025-03-11 15:49:39,597 [main] INFO  base.BaseSetup - Opened browser and navigated to URL
2025-03-11 15:53:43,373 [main] INFO  base.BaseSetup - Opened browser and navigated to URL
2025-03-11 15:55:03,688 [main] INFO  base.BaseSetup - Screenshot captured: C:\Users\B-Mac-0002\Downloads\Nawat\Nawat/Screenshots/searchIconMarketplace.png
2025-03-11 15:55:04,001 [main] INFO  base.BaseSetup - Screenshot captured: C:\Users\B-Mac-0002\Downloads\Nawat\Nawat/Screenshots/ValidateMarketplaceModuleName.png
2025-03-11 15:55:04,285 [main] INFO  base.BaseSetup - Screenshot captured: C:\Users\B-Mac-0002\Downloads\Nawat\Nawat/Screenshots/ValidateMarketplaceData.png
2025-03-11 15:55:37,511 [main] INFO  base.BaseSetup - Opened browser and navigated to URL
2025-03-11 15:56:58,549 [main] INFO  base.BaseSetup - Screenshot captured: C:\Users\B-Mac-0002\Downloads\Nawat\Nawat/Screenshots/ValidateMarketplaceData.png
2025-03-11 15:57:38,690 [main] INFO  base.BaseSetup - Screenshot captured: C:\Users\B-Mac-0002\Downloads\Nawat\Nawat/Screenshots/clickFilterMarketplace.png
2025-03-11 15:57:38,946 [main] INFO  base.BaseSetup - Browser closed
2025-03-11 16:03:22,318 [main] INFO  base.BaseSetup - Opened browser and navigated to URL
2025-03-11 16:05:09,547 [main] INFO  base.BaseSetup - Screenshot captured: C:\Users\B-Mac-0002\Downloads\Nawat\Nawat/Screenshots/clickFilterMarketplace.png
2025-03-11 16:05:09,783 [main] INFO  base.BaseSetup - Browser closed
2025-03-11 16:09:05,525 [main] INFO  base.BaseSetup - Opened browser and navigated to URL
2025-03-11 16:10:30,295 [main] INFO  base.BaseSetup - Screenshot captured: C:\Users\B-Mac-0002\Downloads\Nawat\Nawat/Screenshots/searchIconMarketplace.png
2025-03-11 16:11:38,155 [main] INFO  base.BaseSetup - Opened browser and navigated to URL
2025-03-11 16:15:27,726 [main] INFO  base.BaseSetup - Opened browser and navigated to URL
2025-03-11 16:17:33,362 [main] INFO  base.BaseSetup - Screenshot captured: C:\Users\B-Mac-0002\Downloads\Nawat\Nawat/Screenshots/clickFilterMarketplace.png
2025-03-11 16:17:33,800 [main] INFO  base.BaseSetup - Browser closed
2025-03-11 16:20:23,051 [main] INFO  base.BaseSetup - Opened browser and navigated to URL
2025-03-11 16:21:46,239 [main] INFO  base.BaseSetup - Screenshot captured: C:\Users\B-Mac-0002\Downloads\Nawat\Nawat/Screenshots/searchIconMarketplace.png
2025-03-11 16:24:18,880 [main] INFO  base.BaseSetup - Opened browser and navigated to URL
2025-03-11 16:25:54,448 [main] INFO  base.BaseSetup - Screenshot captured: C:\Users\B-Mac-0002\Downloads\Nawat\Nawat/Screenshots/searchIconMarketplace.png
2025-03-11 16:28:48,009 [main] INFO  base.BaseSetup - Opened browser and navigated to URL
2025-03-11 16:31:36,808 [main] INFO  base.BaseSetup - Opened browser and navigated to URL
2025-03-11 16:31:48,849 [main] INFO  base.BaseSetup - Opened browser and navigated to URL
2025-03-11 16:33:01,524 [main] INFO  base.BaseSetup - Screenshot captured: C:\Users\B-Mac-0002\Downloads\Nawat\Nawat/Screenshots/searchIconMarketplace.png
2025-03-11 16:34:31,963 [main] INFO  base.BaseSetup - Screenshot captured: C:\Users\B-Mac-0002\Downloads\Nawat\Nawat/Screenshots/ValidateMarketplaceModuleName.png
2025-03-11 16:36:02,377 [main] INFO  base.BaseSetup - Screenshot captured: C:\Users\B-Mac-0002\Downloads\Nawat\Nawat/Screenshots/ValidateMarketplaceData.png
2025-03-11 16:37:32,853 [main] INFO  base.BaseSetup - Screenshot captured: C:\Users\B-Mac-0002\Downloads\Nawat\Nawat/Screenshots/clickFilterMarketplace.png
2025-03-11 16:37:33,232 [main] INFO  base.BaseSetup - Browser closed
2025-03-11 16:53:34,397 [main] INFO  base.BaseSetup - Opened browser and navigated to URL
2025-03-11 16:55:10,088 [main] INFO  base.BaseSetup - Screenshot captured: C:\Users\B-Mac-0002\Downloads\Nawat\Nawat/Screenshots/clickFilterMarketplace.png
2025-03-11 16:55:10,320 [main] INFO  base.BaseSetup - Browser closed
2025-03-11 17:06:03,739 [main] INFO  base.BaseSetup - Opened browser and navigated to URL
2025-03-11 17:07:28,800 [main] INFO  base.BaseSetup - Screenshot captured: C:\Users\B-Mac-0002\Downloads\Nawat\Nawat/Screenshots/clickFilterMarketplace.png
2025-03-11 17:07:29,040 [main] INFO  base.BaseSetup - Browser closed
2025-03-11 17:27:36,144 [main] INFO  base.BaseSetup - Opened browser and navigated to URL
2025-03-11 17:28:47,335 [main] INFO  base.BaseSetup - Screenshot captured: C:\Users\B-Mac-0002\Downloads\Nawat\Nawat/Screenshots/clickFilterIconOU.png
2025-03-11 17:31:09,554 [main] INFO  base.BaseSetup - Opened browser and navigated to URL
2025-03-11 17:32:26,236 [main] INFO  base.BaseSetup - Browser closed
2025-03-11 18:26:58,288 [main] INFO  base.BaseSetup - Opened browser and navigated to URL
2025-03-11 18:28:10,507 [main] INFO  base.BaseSetup - Opened browser and navigated to URL
2025-03-11 18:29:03,437 [main] INFO  base.BaseSetup - Screenshot captured: C:\Users\B-Mac-0002\Downloads\Nawat\Nawat/Screenshots/ValidateProjectSearchData.png
2025-03-11 18:29:24,655 [main] INFO  base.BaseSetup - Browser closed
2025-03-11 18:30:11,006 [main] INFO  base.BaseSetup - Opened browser and navigated to URL
2025-03-11 18:31:24,664 [main] INFO  base.BaseSetup - Browser closed
2025-03-11 19:50:44,559 [main] INFO  base.BaseSetup - Opened browser and navigated to URL
2025-03-11 19:52:06,387 [main] INFO  base.BaseSetup - Opened browser and navigated to URL
2025-03-11 19:53:57,004 [main] INFO  base.BaseSetup - Opened browser and navigated to URL
2025-03-11 19:56:14,890 [main] INFO  base.BaseSetup - Screenshot captured: C:\Users\B-Mac-0002\Downloads\Nawat\Nawat/Screenshots/ValidateVMSearchData.png
2025-03-11 19:56:20,233 [main] INFO  base.BaseSetup - Screenshot captured: C:\Users\B-Mac-0002\Downloads\Nawat\Nawat/Screenshots/clickFilterIconOnVMPage.png
2025-03-11 19:57:11,795 [main] INFO  base.BaseSetup - Opened browser and navigated to URL
2025-03-11 19:59:29,156 [main] INFO  base.BaseSetup - Screenshot captured: C:\Users\B-Mac-0002\Downloads\Nawat\Nawat/Screenshots/ValidateVMSearchData.png
2025-03-11 19:59:49,190 [main] INFO  base.BaseSetup - Browser closed
2025-03-11 20:36:54,372 [main] INFO  base.BaseSetup - Opened browser and navigated to URL
2025-03-11 20:39:14,190 [main] INFO  base.BaseSetup - Screenshot captured: C:\Users\B-Mac-0002\Downloads\Nawat\Nawat/Screenshots/ValidateVMSearchData.png
2025-03-11 20:39:34,316 [main] INFO  base.BaseSetup - Browser closed
2025-03-12 14:51:08,721 [main] INFO  base.BaseSetup - Opened browser and navigated to URL
2025-03-12 14:52:46,441 [main] INFO  base.BaseSetup - Opened browser and navigated to URL
2025-03-12 14:54:36,286 [main] INFO  base.BaseSetup - Opened browser and navigated to URL
2025-03-12 14:55:50,284 [main] INFO  base.BaseSetup - Screenshot captured: C:\Users\B-Mac-0002\Downloads\Nawat\Nawat/Screenshots/ValidateKubernetesFilterData.png
2025-03-12 14:55:50,467 [main] INFO  base.BaseSetup - Browser closed
2025-03-12 14:56:38,135 [main] INFO  base.BaseSetup - Opened browser and navigated to URL
2025-03-12 14:57:54,137 [main] INFO  base.BaseSetup - Browser closed
2025-03-12 15:59:02,744 [main] INFO  base.BaseSetup - Opened browser and navigated to URL
2025-03-12 16:00:19,414 [main] INFO  base.BaseSetup - Browser closed
2025-03-12 17:32:58,832 [main] INFO  base.BaseSetup - Opened browser and navigated to URL
2025-03-12 17:34:17,198 [main] INFO  base.BaseSetup - Browser closed
2025-03-12 20:55:38,598 [main] INFO  base.BaseSetup - Opened browser and navigated to URL
2025-03-12 20:56:56,033 [main] INFO  base.BaseSetup - Browser closed
2025-03-12 20:57:43,144 [main] INFO  base.BaseSetup - Opened browser and navigated to URL
2025-03-12 20:58:30,698 [main] INFO  base.BaseSetup - Screenshot captured: C:\Users\B-Mac-0002\eclipse-workspace\Nawat/Screenshots/validateOrgUnitColumns.png
2025-03-12 20:59:13,660 [main] INFO  base.BaseSetup - Browser closed
2025-03-12 21:10:33,112 [main] INFO  base.BaseSetup - Opened browser and navigated to URL
2025-03-12 21:11:11,332 [main] INFO  base.BaseSetup - Screenshot captured: C:\Users\B-Mac-0002\eclipse-workspace\Nawat/Screenshots/validateOrgUnitColumns.png
2025-03-12 21:14:28,960 [main] INFO  base.BaseSetup - Opened browser and navigated to URL
2025-03-12 21:17:10,832 [main] INFO  base.BaseSetup - Opened browser and navigated to URL
2025-03-12 21:18:52,002 [main] INFO  base.BaseSetup - Screenshot captured: C:\Users\B-Mac-0002\eclipse-workspace\Nawat/Screenshots/validateProjectColumns.png
2025-03-12 21:19:32,244 [main] INFO  base.BaseSetup - Browser closed
2025-03-13 11:50:15,231 [main] INFO  base.BaseSetup - Opened browser and navigated to URL
2025-03-13 11:51:53,968 [main] INFO  base.BaseSetup - Screenshot captured: C:\Users\B-Mac-0002\eclipse-workspace\Nawat/Screenshots/validateProjectColumns.png
2025-03-13 11:52:31,683 [main] INFO  base.BaseSetup - Screenshot captured: C:\Users\B-Mac-0002\eclipse-workspace\Nawat/Screenshots/validateSearchProject.png
2025-03-13 11:52:57,033 [main] INFO  base.BaseSetup - Browser closed
2025-03-13 11:56:23,072 [main] INFO  base.BaseSetup - Opened browser and navigated to URL
2025-03-13 11:57:53,179 [main] INFO  base.BaseSetup - Screenshot captured: C:\Users\B-Mac-0002\eclipse-workspace\Nawat/Screenshots/validateProjectColumns.png
2025-03-13 11:58:30,023 [main] INFO  base.BaseSetup - Screenshot captured: C:\Users\B-Mac-0002\eclipse-workspace\Nawat/Screenshots/validateSearchProject.png
2025-03-13 11:58:54,645 [main] INFO  base.BaseSetup - Browser closed
2025-03-13 12:04:09,532 [main] INFO  base.BaseSetup - Opened browser and navigated to URL
2025-03-13 12:06:13,444 [main] INFO  base.BaseSetup - Screenshot captured: C:\Users\B-Mac-0002\eclipse-workspace\Nawat/Screenshots/ValidateProjectFilterData.png
2025-03-13 12:06:13,632 [main] INFO  base.BaseSetup - Browser closed
2025-03-13 12:07:35,563 [main] INFO  base.BaseSetup - Opened browser and navigated to URL
2025-03-13 12:09:51,156 [main] INFO  base.BaseSetup - Screenshot captured: C:\Users\B-Mac-0002\eclipse-workspace\Nawat/Screenshots/ValidateProjectFilterData.png
2025-03-13 12:09:51,374 [main] INFO  base.BaseSetup - Browser closed
2025-03-13 12:11:50,079 [main] INFO  base.BaseSetup - Opened browser and navigated to URL
2025-03-13 12:13:12,275 [main] INFO  base.BaseSetup - Screenshot captured: C:\Users\B-Mac-0002\eclipse-workspace\Nawat/Screenshots/validateOrgUnitIconNavigation.png
2025-03-13 12:13:47,447 [main] INFO  base.BaseSetup - Screenshot captured: C:\Users\B-Mac-0002\eclipse-workspace\Nawat/Screenshots/validateOrgUnitColumns.png
2025-03-13 12:16:42,950 [main] INFO  base.BaseSetup - Opened browser and navigated to URL
2025-03-13 12:18:04,898 [main] INFO  base.BaseSetup - Screenshot captured: C:\Users\B-Mac-0002\eclipse-workspace\Nawat/Screenshots/validateOrgUnitIconNavigation.png
2025-03-13 12:18:46,291 [main] INFO  base.BaseSetup - Opened browser and navigated to URL
2025-03-13 12:20:36,142 [main] INFO  base.BaseSetup - Opened browser and navigated to URL
2025-03-13 12:24:40,622 [main] INFO  base.BaseSetup - Browser closed
2025-03-13 12:29:29,785 [main] INFO  base.BaseSetup - Opened browser and navigated to URL
2025-03-13 12:31:16,487 [main] INFO  base.BaseSetup - Screenshot captured: C:\Users\B-Mac-0002\eclipse-workspace\Nawat/Screenshots/searchIcon.png
2025-03-13 12:33:32,362 [main] INFO  base.BaseSetup - Opened browser and navigated to URL
2025-03-13 12:35:33,221 [main] INFO  base.BaseSetup - Screenshot captured: C:\Users\B-Mac-0002\eclipse-workspace\Nawat/Screenshots/searchIcon.png
2025-03-13 12:56:49,481 [main] INFO  base.BaseSetup - Opened browser and navigated to URL
2025-03-13 12:58:08,848 [main] INFO  base.BaseSetup - Opened browser and navigated to URL
2025-03-13 12:58:46,368 [main] INFO  base.BaseSetup - Screenshot captured: C:\Users\B-Mac-0002\eclipse-workspace\Nawat/Screenshots/matchVMPageColumns.png
2025-03-13 13:00:23,182 [main] INFO  base.BaseSetup - Screenshot captured: C:\Users\B-Mac-0002\eclipse-workspace\Nawat/Screenshots/ValidateVMSearchData.png
2025-03-13 13:00:28,649 [main] INFO  base.BaseSetup - Screenshot captured: C:\Users\B-Mac-0002\eclipse-workspace\Nawat/Screenshots/clickFilterIconOnVMPage.png
2025-03-13 13:02:38,853 [main] INFO  base.BaseSetup - Opened browser and navigated to URL
2025-03-13 13:05:05,683 [main] INFO  base.BaseSetup - Screenshot captured: C:\Users\B-Mac-0002\eclipse-workspace\Nawat/Screenshots/ValidateVMSearchData.png
2025-03-13 13:07:15,919 [main] INFO  base.BaseSetup - Opened browser and navigated to URL
2025-03-13 13:09:37,706 [main] INFO  base.BaseSetup - Screenshot captured: C:\Users\B-Mac-0002\eclipse-workspace\Nawat/Screenshots/ValidateVMSearchData.png
2025-03-13 13:09:46,524 [main] INFO  base.BaseSetup - Screenshot captured: C:\Users\B-Mac-0002\eclipse-workspace\Nawat/Screenshots/clickFilterIconOnVMPage.png
2025-03-13 13:10:50,859 [main] INFO  base.BaseSetup - Opened browser and navigated to URL
2025-03-13 13:13:04,519 [main] INFO  base.BaseSetup - Screenshot captured: C:\Users\B-Mac-0002\eclipse-workspace\Nawat/Screenshots/ValidateVMSearchData.png
2025-03-13 13:15:33,109 [main] INFO  base.BaseSetup - Opened browser and navigated to URL
2025-03-13 13:17:53,131 [main] INFO  base.BaseSetup - Screenshot captured: C:\Users\B-Mac-0002\eclipse-workspace\Nawat/Screenshots/ValidateVMSearchData.png
2025-03-13 13:19:02,184 [main] INFO  base.BaseSetup - Browser closed
2025-03-13 13:26:37,622 [main] INFO  base.BaseSetup - Opened browser and navigated to URL
2025-03-13 13:28:58,958 [main] INFO  base.BaseSetup - Screenshot captured: C:\Users\B-Mac-0002\eclipse-workspace\Nawat/Screenshots/ValidateVMSearchData.png
2025-03-13 13:30:58,485 [main] INFO  base.BaseSetup - Screenshot captured: C:\Users\B-Mac-0002\eclipse-workspace\Nawat/Screenshots/searchIconStorage.png
2025-03-13 13:32:27,262 [main] INFO  base.BaseSetup - Opened browser and navigated to URL
2025-03-13 13:34:41,008 [main] INFO  base.BaseSetup - Screenshot captured: C:\Users\B-Mac-0002\eclipse-workspace\Nawat/Screenshots/ValidateVMSearchData.png
2025-03-13 13:37:02,801 [main] INFO  base.BaseSetup - Screenshot captured: C:\Users\B-Mac-0002\eclipse-workspace\Nawat/Screenshots/matchSqlPageColumns.png
2025-03-13 13:37:36,393 [main] INFO  base.BaseSetup - Browser closed
2025-03-13 14:15:40,463 [main] INFO  base.BaseSetup - Opened browser and navigated to URL
2025-03-13 14:16:54,381 [main] INFO  base.BaseSetup - Screenshot captured: C:\Users\B-Mac-0002\eclipse-workspace\Nawat/Screenshots/validateDevToolKitIconNavigation.png
2025-03-13 14:17:22,637 [main] INFO  base.BaseSetup - Opened browser and navigated to URL
2025-03-13 14:18:15,157 [main] INFO  base.BaseSetup - Opened browser and navigated to URL
2025-03-13 14:20:18,632 [main] INFO  base.BaseSetup - Screenshot captured: C:\Users\B-Mac-0002\eclipse-workspace\Nawat/Screenshots/ValidateTemplateSearchData.png
2025-03-13 14:20:38,858 [main] INFO  base.BaseSetup - Browser closed
2025-03-13 14:21:32,976 [main] INFO  base.BaseSetup - Opened browser and navigated to URL
2025-03-13 14:23:20,104 [main] INFO  base.BaseSetup - Opened browser and navigated to URL
2025-03-13 14:25:32,863 [main] INFO  base.BaseSetup - Screenshot captured: C:\Users\B-Mac-0002\eclipse-workspace\Nawat/Screenshots/ValidateTemplateSearchData.png
2025-03-13 14:25:53,856 [main] INFO  base.BaseSetup - Browser closed
2025-03-13 14:28:49,136 [main] INFO  base.BaseSetup - Opened browser and navigated to URL
2025-03-13 14:29:56,252 [main] INFO  base.BaseSetup - Browser closed
2025-03-13 15:41:08,631 [main] INFO  base.BaseSetup - Opened browser and navigated to URL
2025-03-13 15:42:54,044 [main] INFO  base.BaseSetup - Screenshot captured: C:\Users\B-Mac-0002\eclipse-workspace\Nawat/Screenshots/ValidateWorkspaceFilterData.png
2025-03-13 15:43:11,164 [main] INFO  base.BaseSetup - Browser closed
2025-03-13 16:09:35,392 [main] INFO  base.BaseSetup - Opened browser and navigated to URL
2025-03-13 16:13:25,558 [main] INFO  base.BaseSetup - Opened browser and navigated to URL
2025-03-13 16:17:23,474 [main] INFO  base.BaseSetup - Screenshot captured: C:\Users\B-Mac-0002\eclipse-workspace\Nawat/Screenshots/ValidateNodepoolSearchData.png
2025-03-13 16:17:44,137 [main] INFO  base.BaseSetup - Browser closed
2025-03-13 17:15:36,851 [main] INFO  base.BaseSetup - Opened browser and navigated to URL
2025-03-13 17:19:06,603 [main] INFO  base.BaseSetup - Screenshot captured: C:\Users\B-Mac-0002\eclipse-workspace\Nawat/Screenshots/ValidateSharedSearchData.png
2025-03-13 17:20:17,252 [main] INFO  base.BaseSetup - Screenshot captured: C:\Users\B-Mac-0002\eclipse-workspace\Nawat/Screenshots/matchABPageColumns.png
2025-03-13 17:22:21,822 [main] INFO  base.BaseSetup - Screenshot captured: C:\Users\B-Mac-0002\eclipse-workspace\Nawat/Screenshots/ValidateSecretSearchData.png
2025-03-13 17:22:45,314 [main] INFO  base.BaseSetup - Screenshot captured: C:\Users\B-Mac-0002\eclipse-workspace\Nawat/Screenshots/ValidateSecretFilterData.png
2025-03-13 17:23:02,479 [main] INFO  base.BaseSetup - Screenshot captured: C:\Users\B-Mac-0002\eclipse-workspace\Nawat/Screenshots/ValidatePersistentVolumesSearchData.png
2025-03-13 17:23:23,376 [main] INFO  base.BaseSetup - Browser closed
2025-03-13 18:27:02,399 [main] INFO  base.BaseSetup - Opened browser and navigated to URL
2025-03-13 18:32:10,767 [main] INFO  base.BaseSetup - Screenshot captured: C:\Users\B-Mac-0002\eclipse-workspace\Nawat/Screenshots/ValidateSecretSearchData.png
2025-03-13 18:32:51,406 [main] INFO  base.BaseSetup - Screenshot captured: C:\Users\B-Mac-0002\eclipse-workspace\Nawat/Screenshots/ValidatePersistentVolumesSearchData.png
2025-03-13 18:33:12,256 [main] INFO  base.BaseSetup - Browser closed
2025-03-13 18:36:15,983 [main] INFO  base.BaseSetup - Opened browser and navigated to URL
2025-03-13 18:41:05,520 [main] INFO  base.BaseSetup - Browser closed
2025-03-17 14:14:09,567 [main] INFO  base.BaseSetup - Opened browser and navigated to URL
2025-03-17 14:15:23,027 [main] INFO  base.BaseSetup - Screenshot captured: C:\Users\B-Mac-0002\eclipse-workspace\Nawat/Screenshots/ValidateKeyManagementFilterData.png
2025-03-17 14:15:23,232 [main] INFO  base.BaseSetup - Browser closed
2025-03-17 14:27:08,795 [main] INFO  base.BaseSetup - Opened browser and navigated to URL
2025-03-17 14:28:28,234 [main] INFO  base.BaseSetup - Screenshot captured: C:\Users\B-Mac-0002\eclipse-workspace\Nawat/Screenshots/searchIconKeyManagement.png
2025-03-17 14:29:58,536 [main] INFO  base.BaseSetup - Screenshot captured: C:\Users\B-Mac-0002\eclipse-workspace\Nawat/Screenshots/ValidateKeyManagementModuleName.png
2025-03-17 14:31:01,557 [main] INFO  base.BaseSetup - Opened browser and navigated to URL
2025-03-17 14:32:29,417 [main] INFO  base.BaseSetup - Screenshot captured: C:\Users\B-Mac-0002\eclipse-workspace\Nawat/Screenshots/matchAuditActionsPageColumns.png
2025-03-17 14:34:06,097 [main] INFO  base.BaseSetup - Screenshot captured: C:\Users\B-Mac-0002\eclipse-workspace\Nawat/Screenshots/ValidateAuditActionsSearchData.png
2025-03-17 14:34:27,091 [main] INFO  base.BaseSetup - Screenshot captured: C:\Users\B-Mac-0002\eclipse-workspace\Nawat/Screenshots/ValidateAuditActionsFilterData.png
2025-03-17 14:34:27,353 [main] INFO  base.BaseSetup - Browser closed
2025-03-17 17:32:24,994 [main] INFO  base.BaseSetup - Opened browser and navigated to URL
2025-03-17 17:33:47,436 [main] INFO  base.BaseSetup - Screenshot captured: C:\Users\B-Mac-0002\eclipse-workspace\Nawat/Screenshots/matchAuditActionsPageColumns.png
2025-03-17 17:35:24,321 [main] INFO  base.BaseSetup - Screenshot captured: C:\Users\B-Mac-0002\eclipse-workspace\Nawat/Screenshots/ValidateAuditActionsSearchData.png
2025-03-17 17:35:46,216 [main] INFO  base.BaseSetup - Screenshot captured: C:\Users\B-Mac-0002\eclipse-workspace\Nawat/Screenshots/ValidateAuditActionsFilterData.png
2025-03-17 17:35:46,427 [main] INFO  base.BaseSetup - Browser closed
2025-03-17 18:58:04,933 [main] INFO  base.BaseSetup - Opened browser and navigated to URL
2025-03-17 18:59:34,344 [main] INFO  base.BaseSetup - Screenshot captured: C:\Users\B-Mac-0002\eclipse-workspace\Nawat/Screenshots/matchAuditActionsPageColumns.png
2025-03-17 19:01:14,141 [main] INFO  base.BaseSetup - Screenshot captured: C:\Users\B-Mac-0002\eclipse-workspace\Nawat/Screenshots/ValidateAuditActionsSearchData.png
2025-03-17 19:01:35,053 [main] INFO  base.BaseSetup - Browser closed
2025-03-17 19:02:52,309 [main] INFO  base.BaseSetup - Opened browser and navigated to URL
2025-03-17 19:05:58,958 [main] INFO  base.BaseSetup - Screenshot captured: C:\Users\B-Mac-0002\eclipse-workspace\Nawat/Screenshots/ValidateAuditActionsSearchData.png
2025-03-17 19:06:20,730 [main] INFO  base.BaseSetup - Browser closed
2025-03-17 19:07:22,864 [main] INFO  base.BaseSetup - Opened browser and navigated to URL
2025-03-17 19:10:24,925 [main] INFO  base.BaseSetup - Screenshot captured: C:\Users\B-Mac-0002\eclipse-workspace\Nawat/Screenshots/ValidateAuditActionsSearchData.png
2025-03-17 19:10:45,834 [main] INFO  base.BaseSetup - Browser closed
2025-03-17 19:33:56,469 [main] INFO  base.BaseSetup - Opened browser and navigated to URL
2025-03-17 19:35:34,436 [main] INFO  base.BaseSetup - Screenshot captured: C:\Users\B-Mac-0002\eclipse-workspace\Nawat/Screenshots/ValidateAuditActionsSearchData.png
2025-03-17 19:35:43,402 [main] INFO  base.BaseSetup - Screenshot captured: C:\Users\B-Mac-0002\eclipse-workspace\Nawat/Screenshots/clickFilterIconAuditActions.png
2025-03-17 19:37:13,749 [main] INFO  base.BaseSetup - Screenshot captured: C:\Users\B-Mac-0002\eclipse-workspace\Nawat/Screenshots/ValidateAuditActionsFilterData.png
2025-03-17 19:37:19,100 [main] INFO  base.BaseSetup - Screenshot captured: C:\Users\B-Mac-0002\eclipse-workspace\Nawat/Screenshots/searchUsers.png
2025-03-17 19:40:26,220 [main] INFO  base.BaseSetup - Opened browser and navigated to URL
2025-03-17 19:43:29,731 [main] INFO  base.BaseSetup - Screenshot captured: C:\Users\B-Mac-0002\eclipse-workspace\Nawat/Screenshots/ValidateAuditActionsSearchData.png
2025-03-17 19:44:39,010 [main] INFO  base.BaseSetup - Browser closed
2025-03-17 19:50:05,264 [main] INFO  base.BaseSetup - Opened browser and navigated to URL
2025-03-17 19:51:28,825 [main] INFO  base.BaseSetup - Screenshot captured: C:\Users\B-Mac-0002\eclipse-workspace\Nawat/Screenshots/clickFilterMarketplace.png
2025-03-17 19:51:37,680 [main] INFO  base.BaseSetup - Screenshot captured: C:\Users\B-Mac-0002\eclipse-workspace\Nawat/Screenshots/validateOrgUnitIconNavigation.png
2025-03-17 19:53:09,080 [main] INFO  base.BaseSetup - Opened browser and navigated to URL
2025-03-17 19:54:26,332 [main] INFO  base.BaseSetup - Screenshot captured: C:\Users\B-Mac-0002\eclipse-workspace\Nawat/Screenshots/clickFilterMarketplace.png
2025-03-17 19:54:34,869 [main] INFO  base.BaseSetup - Screenshot captured: C:\Users\B-Mac-0002\eclipse-workspace\Nawat/Screenshots/validateOrgUnitIconNavigation.png
2025-03-17 19:55:46,214 [main] INFO  base.BaseSetup - Opened browser and navigated to URL
2025-03-17 19:57:10,514 [main] INFO  base.BaseSetup - Screenshot captured: C:\Users\B-Mac-0002\eclipse-workspace\Nawat/Screenshots/clickFilterMarketplace.png
2025-03-17 19:57:18,978 [main] INFO  base.BaseSetup - Screenshot captured: C:\Users\B-Mac-0002\eclipse-workspace\Nawat/Screenshots/validateOrgUnitIconNavigation.png
2025-03-17 19:58:53,466 [main] INFO  base.BaseSetup - Opened browser and navigated to URL
2025-03-17 20:03:39,810 [main] INFO  base.BaseSetup - Screenshot captured: C:\Users\B-Mac-0002\eclipse-workspace\Nawat/Screenshots/ValidateVMSearchData.png
2025-03-17 20:05:22,367 [main] INFO  base.BaseSetup - Opened browser and navigated to URL
2025-03-17 20:08:43,959 [main] INFO  base.BaseSetup - Screenshot captured: C:\Users\B-Mac-0002\eclipse-workspace\Nawat/Screenshots/validateFilterByProjectName.png
2025-03-17 20:10:14,269 [main] INFO  base.BaseSetup - Screenshot captured: C:\Users\B-Mac-0002\eclipse-workspace\Nawat/Screenshots/ValidateProjectFilterData.png
2025-03-17 20:10:42,928 [main] INFO  base.BaseSetup - Opened browser and navigated to URL
2025-03-17 20:15:44,348 [main] INFO  base.BaseSetup - Screenshot captured: C:\Users\B-Mac-0002\eclipse-workspace\Nawat/Screenshots/ValidateVMSearchData.png
2025-03-17 20:23:00,466 [main] INFO  base.BaseSetup - Screenshot captured: C:\Users\B-Mac-0002\eclipse-workspace\Nawat/Screenshots/clickFilterIconPersistentVolumes.png
2025-03-17 20:24:30,857 [main] INFO  base.BaseSetup - Screenshot captured: C:\Users\B-Mac-0002\eclipse-workspace\Nawat/Screenshots/ValidatePersistentVolumesFilterData.png
2025-03-17 20:25:54,381 [main] INFO  base.BaseSetup - Screenshot captured: C:\Users\B-Mac-0002\eclipse-workspace\Nawat/Screenshots/ValidateAuditActionsSearchData.png
2025-03-17 20:27:06,200 [main] INFO  base.BaseSetup - Browser closed
2025-03-17 20:41:18,617 [main] INFO  base.BaseSetup - Opened browser and navigated to URL
2025-03-17 20:42:22,444 [main] INFO  base.BaseSetup - Opened browser and navigated to URL
2025-03-17 20:43:27,641 [main] INFO  base.BaseSetup - Screenshot captured: C:\Users\B-Mac-0002\eclipse-workspace\Nawat/Screenshots/ValidateAuditActionsSearchData.png
2025-03-17 20:43:48,603 [main] INFO  base.BaseSetup - Browser closed
2025-03-17 20:45:15,519 [main] INFO  base.BaseSetup - Opened browser and navigated to URL
2025-03-17 20:46:37,133 [main] INFO  base.BaseSetup - Browser closed
2025-03-17 21:23:04,472 [main] INFO  base.BaseSetup - Opened browser and navigated to URL
2025-03-17 21:23:56,171 [main] INFO  base.BaseSetup - Browser closed
2025-03-18 13:17:29,016 [main] INFO  base.BaseSetup - Opened browser and navigated to URL
2025-03-18 13:20:22,665 [main] INFO  base.BaseSetup - Opened browser and navigated to URL
2025-03-18 13:23:08,887 [main] INFO  base.BaseSetup - Opened browser and navigated to URL
2025-03-18 13:24:32,676 [main] INFO  base.BaseSetup - Screenshot captured: C:\Users\B-Mac-0002\eclipse-workspace\Nawat/Screenshots/ValidateViewOption.png
2025-03-18 13:24:32,893 [main] INFO  base.BaseSetup - Browser closed
2025-03-18 13:27:13,317 [main] INFO  base.BaseSetup - Opened browser and navigated to URL
2025-03-18 13:32:48,150 [main] INFO  base.BaseSetup - Opened browser and navigated to URL
2025-03-18 13:33:57,162 [main] INFO  base.BaseSetup - Screenshot captured: C:\Users\B-Mac-0002\eclipse-workspace\Nawat/Screenshots/ViewOptionClick.png
2025-03-18 13:34:30,633 [main] INFO  base.BaseSetup - Screenshot captured: C:\Users\B-Mac-0002\eclipse-workspace\Nawat/Screenshots/ValidateViewOption.png
2025-03-18 13:34:30,851 [main] INFO  base.BaseSetup - Browser closed
2025-03-18 13:36:34,167 [main] INFO  base.BaseSetup - Opened browser and navigated to URL
2025-03-18 13:37:41,627 [main] INFO  base.BaseSetup - Screenshot captured: C:\Users\B-Mac-0002\eclipse-workspace\Nawat/Screenshots/ValidateViewOption.png
2025-03-18 13:37:42,011 [main] INFO  base.BaseSetup - Browser closed
2025-03-18 13:39:12,049 [main] INFO  base.BaseSetup - Opened browser and navigated to URL
2025-03-18 13:39:48,934 [main] INFO  base.BaseSetup - Screenshot captured: C:\Users\B-Mac-0002\eclipse-workspace\Nawat/Screenshots/ValidateViewOption.png
2025-03-18 13:39:49,271 [main] INFO  base.BaseSetup - Browser closed
2025-03-18 13:44:40,891 [main] INFO  base.BaseSetup - Opened browser and navigated to URL
2025-03-18 13:45:23,257 [main] INFO  base.BaseSetup - Screenshot captured: C:\Users\B-Mac-0002\eclipse-workspace\Nawat/Screenshots/ValidateViewOption.png
2025-03-18 13:45:23,486 [main] INFO  base.BaseSetup - Browser closed
2025-03-18 13:48:38,898 [main] INFO  base.BaseSetup - Opened browser and navigated to URL
2025-03-18 13:49:27,458 [main] INFO  base.BaseSetup - Screenshot captured: C:\Users\B-Mac-0002\eclipse-workspace\Nawat/Screenshots/ValidateViewOption.png
2025-03-18 13:49:27,899 [main] INFO  base.BaseSetup - Browser closed
2025-03-18 15:54:50,113 [main] INFO  base.BaseSetup - Opened browser and navigated to URL
2025-03-18 15:55:55,398 [main] INFO  base.BaseSetup - Screenshot captured: C:\Users\B-Mac-0002\eclipse-workspace\Nawat/Screenshots/ValidateViewOption.png
2025-03-18 15:55:55,617 [main] INFO  base.BaseSetup - Browser closed
2025-03-18 19:37:33,841 [main] INFO  base.BaseSetup - Opened browser and navigated to URL
2025-03-18 19:38:45,350 [main] INFO  base.BaseSetup - Screenshot captured: C:\Users\B-Mac-0002\eclipse-workspace\Nawat/Screenshots/ValidateViewOption.png
2025-03-18 19:38:45,560 [main] INFO  base.BaseSetup - Browser closed
2025-03-18 19:43:27,171 [main] INFO  base.BaseSetup - Opened browser and navigated to URL
2025-03-18 19:45:16,045 [main] INFO  base.BaseSetup - Screenshot captured: C:\Users\B-Mac-0002\eclipse-workspace\Nawat/Screenshots/ValidateViewOption.png
2025-03-18 19:45:16,349 [main] INFO  base.BaseSetup - Browser closed
2025-03-18 19:47:22,770 [main] INFO  base.BaseSetup - Opened browser and navigated to URL
2025-03-18 19:49:12,247 [main] INFO  base.BaseSetup - Screenshot captured: C:\Users\B-Mac-0002\eclipse-workspace\Nawat/Screenshots/ValidateViewOption.png
2025-03-18 19:49:12,470 [main] INFO  base.BaseSetup - Browser closed
2025-03-18 20:17:59,824 [main] INFO  base.BaseSetup - Opened browser and navigated to URL
2025-03-18 20:19:16,076 [main] INFO  base.BaseSetup - Screenshot captured: C:\Users\B-Mac-0002\eclipse-workspace\Nawat/Screenshots/ValidateViewOption.png
2025-03-18 20:19:16,325 [main] INFO  base.BaseSetup - Browser closed
2025-03-18 20:27:13,017 [main] INFO  base.BaseSetup - Opened browser and navigated to URL
2025-03-18 20:29:24,686 [main] INFO  base.BaseSetup - Screenshot captured: C:\Users\B-Mac-0002\eclipse-workspace\Nawat/Screenshots/ValidateViewOption.png
2025-03-18 20:29:24,977 [main] INFO  base.BaseSetup - Browser closed
2025-03-18 20:29:57,968 [main] INFO  base.BaseSetup - Opened browser and navigated to URL
2025-03-18 20:30:41,527 [main] INFO  base.BaseSetup - Screenshot captured: C:\Users\B-Mac-0002\eclipse-workspace\Nawat/Screenshots/ValidateViewOption.png
2025-03-18 20:30:41,907 [main] INFO  base.BaseSetup - Browser closed
2025-03-18 20:31:14,750 [main] INFO  base.BaseSetup - Opened browser and navigated to URL
2025-03-18 20:31:59,591 [main] INFO  base.BaseSetup - Browser closed
2025-03-18 20:33:51,616 [main] INFO  base.BaseSetup - Opened browser and navigated to URL
2025-03-18 20:34:41,282 [main] INFO  base.BaseSetup - Screenshot captured: C:\Users\B-Mac-0002\eclipse-workspace\Nawat/Screenshots/ValidateViewOption.png
2025-03-18 20:34:41,722 [main] INFO  base.BaseSetup - Browser closed
2025-03-18 20:36:49,744 [main] INFO  base.BaseSetup - Opened browser and navigated to URL
2025-03-18 20:38:00,592 [main] INFO  base.BaseSetup - Screenshot captured: C:\Users\B-Mac-0002\eclipse-workspace\Nawat/Screenshots/ValidateViewOption.png
2025-03-18 20:38:00,798 [main] INFO  base.BaseSetup - Browser closed
2025-03-18 20:41:00,329 [main] INFO  base.BaseSetup - Opened browser and navigated to URL
2025-03-18 20:44:30,053 [main] INFO  base.BaseSetup - Opened browser and navigated to URL
2025-03-18 20:45:41,628 [main] INFO  base.BaseSetup - Screenshot captured: C:\Users\B-Mac-0002\eclipse-workspace\Nawat/Screenshots/ValidateViewOption.png
2025-03-18 20:45:41,827 [main] INFO  base.BaseSetup - Browser closed
2025-03-18 20:46:16,168 [main] INFO  base.BaseSetup - Opened browser and navigated to URL
2025-03-18 20:47:06,853 [main] INFO  base.BaseSetup - Browser closed
2025-03-18 20:47:34,170 [main] INFO  base.BaseSetup - Opened browser and navigated to URL
2025-03-18 20:48:55,731 [main] INFO  base.BaseSetup - Screenshot captured: C:\Users\B-Mac-0002\eclipse-workspace\Nawat/Screenshots/ValidateViewOption.png
2025-03-18 20:48:55,947 [main] INFO  base.BaseSetup - Browser closed
2025-03-18 20:51:31,021 [main] INFO  base.BaseSetup - Opened browser and navigated to URL
2025-03-18 20:52:48,815 [main] INFO  base.BaseSetup - Screenshot captured: C:\Users\B-Mac-0002\eclipse-workspace\Nawat/Screenshots/ValidateViewOption.png
2025-03-18 20:52:49,057 [main] INFO  base.BaseSetup - Browser closed
2025-03-20 14:07:57,259 [main] INFO  base.BaseSetup - Opened browser and navigated to URL
2025-03-20 14:09:18,542 [main] INFO  base.BaseSetup - Screenshot captured: C:\Users\B-Mac-0002\eclipse-workspace\Nawat/Screenshots/validateSearchOrgUnitFunctionality.png
2025-03-21 19:19:57,821 [main] INFO  base.BaseSetup - Opened browser and navigated to URL
2025-03-21 19:21:15,133 [main] INFO  base.BaseSetup - Screenshot captured: C:\Users\B-Mac-0002\eclipse-workspace\Nawat/Screenshots/validateSearchOrgUnitFunctionality.png
2025-03-24 12:11:03,748 [main] INFO  base.BaseSetup - Opened browser and navigated to URL
2025-03-24 12:12:22,662 [main] INFO  base.BaseSetup - Screenshot captured: C:\Users\B-Mac-0002\eclipse-workspace\Nawat/Screenshots/validateSearchOrgUnitFunctionality.png
2025-03-24 12:24:07,437 [main] INFO  base.BaseSetup - Browser closed
2025-03-24 17:27:32,185 [main] INFO  base.BaseSetup - Opened browser and navigated to URL
2025-03-24 17:29:39,989 [main] INFO  base.BaseSetup - Screenshot captured: C:\Users\B-Mac-0002\eclipse-workspace\Nawat/Screenshots/validateSearchOrgUnitFunctionality.png
2025-03-24 17:46:35,516 [main] INFO  base.BaseSetup - Opened browser and navigated to URL
2025-03-24 17:48:31,009 [main] INFO  base.BaseSetup - Screenshot captured: C:\Users\B-Mac-0002\eclipse-workspace\Nawat/Screenshots/validateSearchOrgUnitFunctionality.png
2025-03-24 17:50:01,582 [main] INFO  base.BaseSetup - Screenshot captured: C:\Users\B-Mac-0002\eclipse-workspace\Nawat/Screenshots/ValidateOUSearchData.png
2025-03-24 17:51:32,156 [main] INFO  base.BaseSetup - Screenshot captured: C:\Users\B-Mac-0002\eclipse-workspace\Nawat/Screenshots/clickFilterIconOU.png
2025-03-24 17:53:02,801 [main] INFO  base.BaseSetup - Screenshot captured: C:\Users\B-Mac-0002\eclipse-workspace\Nawat/Screenshots/ValidateOUFilterData.png
2025-03-24 18:05:08,916 [main] INFO  base.BaseSetup - Browser closed
2025-03-24 18:44:39,019 [main] INFO  base.BaseSetup - Opened browser and navigated to URL
2025-03-24 18:46:43,420 [main] INFO  base.BaseSetup - Screenshot captured: C:\Users\B-Mac-0002\eclipse-workspace\Nawat/Screenshots/validateSearchOrgUnitFunctionality.png
2025-03-24 18:48:14,092 [main] INFO  base.BaseSetup - Screenshot captured: C:\Users\B-Mac-0002\eclipse-workspace\Nawat/Screenshots/ValidateOUSearchData.png
2025-03-24 18:48:39,546 [main] INFO  base.BaseSetup - Opened browser and navigated to URL
2025-03-24 18:50:12,790 [main] INFO  base.BaseSetup - Screenshot captured: C:\Users\B-Mac-0002\eclipse-workspace\Nawat/Screenshots/validateSearchOrgUnitFunctionality.png
2025-03-24 18:55:08,369 [main] INFO  base.BaseSetup - Opened browser and navigated to URL
2025-03-24 19:04:55,177 [main] INFO  base.BaseSetup - Opened browser and navigated to URL
2025-03-24 19:07:29,356 [main] INFO  base.BaseSetup - Screenshot captured: C:\Users\B-Mac-0002\eclipse-workspace\Nawat/Screenshots/validateSearchProject.png
2025-03-24 19:09:33,098 [main] INFO  base.BaseSetup - Opened browser and navigated to URL
2025-03-24 19:46:23,670 [main] INFO  base.BaseSetup - Opened browser and navigated to URL
2025-03-24 19:53:16,646 [main] INFO  base.BaseSetup - Opened browser and navigated to URL
2025-03-24 19:55:03,576 [main] INFO  base.BaseSetup - Opened browser and navigated to URL
2025-03-24 19:56:56,562 [main] INFO  base.BaseSetup - Screenshot captured: C:\Users\B-Mac-0002\eclipse-workspace\Nawat/Screenshots/ValidateViewOption.png
2025-03-24 19:56:57,940 [main] INFO  base.BaseSetup - Browser closed
2025-03-24 20:32:18,110 [main] INFO  base.BaseSetup - Opened browser and navigated to URL
2025-03-24 20:34:40,694 [main] INFO  base.BaseSetup - Screenshot captured: C:\Users\B-Mac-0002\eclipse-workspace\Nawat/Screenshots/ValidateViewOption.png
2025-03-24 20:36:48,532 [main] INFO  base.BaseSetup - Screenshot captured: C:\Users\B-Mac-0002\eclipse-workspace\Nawat/Screenshots/ValidateDeleteOption.png
2025-03-24 20:36:49,925 [main] INFO  base.BaseSetup - Browser closed
2025-03-24 20:38:17,598 [main] INFO  base.BaseSetup - Opened browser and navigated to URL
2025-03-24 20:40:40,904 [main] INFO  base.BaseSetup - Screenshot captured: C:\Users\B-Mac-0002\eclipse-workspace\Nawat/Screenshots/ValidateViewOption.png
2025-03-24 20:46:40,048 [main] INFO  base.BaseSetup - Opened browser and navigated to URL
2025-03-24 20:49:02,834 [main] INFO  base.BaseSetup - Screenshot captured: C:\Users\B-Mac-0002\eclipse-workspace\Nawat/Screenshots/ValidateViewOption.png
2025-03-24 20:49:04,264 [main] INFO  base.BaseSetup - Browser closed
2025-03-24 20:53:51,054 [main] INFO  base.BaseSetup - Opened browser and navigated to URL
2025-03-24 20:56:16,224 [main] INFO  base.BaseSetup - Screenshot captured: C:\Users\B-Mac-0002\eclipse-workspace\Nawat/Screenshots/ValidateViewOption.png
2025-03-24 20:56:17,612 [main] INFO  base.BaseSetup - Browser closed
2025-03-24 20:58:40,427 [main] INFO  base.BaseSetup - Opened browser and navigated to URL
2025-03-24 21:03:32,589 [main] INFO  base.BaseSetup - Opened browser and navigated to URL
2025-03-25 16:12:43,081 [main] INFO  base.BaseSetup - Opened browser and navigated to URL
2025-03-25 16:19:33,620 [main] INFO  base.BaseSetup - Screenshot captured: C:\Users\B-Mac-0002\eclipse-workspace\Nawat/Screenshots/searchIconSql.png
2025-03-25 16:21:43,290 [main] INFO  base.BaseSetup - Opened browser and navigated to URL
2025-03-25 16:30:07,356 [main] INFO  base.BaseSetup - Screenshot captured: C:\Users\B-Mac-0002\eclipse-workspace\Nawat/Screenshots/ValidateTemplateSearchData.png
2025-03-25 16:30:49,481 [main] INFO  base.BaseSetup - Screenshot captured: C:\Users\B-Mac-0002\eclipse-workspace\Nawat/Screenshots/clickFilterTemplate.png
2025-03-25 16:32:19,825 [main] INFO  base.BaseSetup - Screenshot captured: C:\Users\B-Mac-0002\eclipse-workspace\Nawat/Screenshots/ValidateTemplateFilterData.png
2025-03-25 16:32:25,207 [main] INFO  base.BaseSetup - Screenshot captured: C:\Users\B-Mac-0002\eclipse-workspace\Nawat/Screenshots/searchIconWorkspace.png
2025-03-25 16:35:43,958 [main] INFO  base.BaseSetup - Opened browser and navigated to URL
2025-03-25 16:44:26,159 [main] INFO  base.BaseSetup - Screenshot captured: C:\Users\B-Mac-0002\eclipse-workspace\Nawat/Screenshots/ValidateTemplateSearchData.png
2025-03-25 16:45:08,270 [main] INFO  base.BaseSetup - Screenshot captured: C:\Users\B-Mac-0002\eclipse-workspace\Nawat/Screenshots/clickFilterTemplate.png
2025-03-25 16:46:15,409 [main] INFO  base.BaseSetup - Screenshot captured: C:\Users\B-Mac-0002\eclipse-workspace\Nawat/Screenshots/ValidateTemplateFilterData.png
2025-03-25 16:47:41,354 [main] INFO  base.BaseSetup - Screenshot captured: C:\Users\B-Mac-0002\eclipse-workspace\Nawat/Screenshots/matchNodepoolPageColumns.png
2025-03-25 16:52:44,726 [main] INFO  base.BaseSetup - Screenshot captured: C:\Users\B-Mac-0002\eclipse-workspace\Nawat/Screenshots/matchUsersPageColumns.png
2025-03-25 16:53:59,648 [main] INFO  base.BaseSetup - Browser closed
2025-03-26 19:09:12,838 [main] INFO  base.BaseSetup - Opened browser and navigated to URL
2025-03-26 19:10:35,012 [main] INFO  base.BaseSetup - Screenshot captured: C:\Users\B-Mac-0002\eclipse-workspace\Nawat/Screenshots/ValidateViewOption.png
2025-03-26 19:10:36,371 [main] INFO  base.BaseSetup - Browser closed
2025-03-26 19:12:33,502 [main] INFO  base.BaseSetup - Opened browser and navigated to URL
2025-03-31 20:50:47,515 [main] INFO  base.BaseSetup - Opened browser and navigated to URL
2025-03-31 20:53:03,341 [main] INFO  base.BaseSetup - Screenshot captured: C:\Users\B-Mac-0002\eclipse-workspace\Nawat/Screenshots/ViewOptionClick.png
2025-03-31 20:53:17,990 [main] INFO  base.BaseSetup - Opened browser and navigated to URL
2025-03-31 20:55:30,677 [main] INFO  base.BaseSetup - Opened browser and navigated to URL
2025-03-31 20:56:52,628 [main] INFO  base.BaseSetup - Browser closed
2025-03-31 20:59:51,674 [main] INFO  base.BaseSetup - Opened browser and navigated to URL
2025-03-31 21:02:29,187 [main] INFO  base.BaseSetup - Opened browser and navigated to URL
2025-03-31 21:04:50,752 [main] INFO  base.BaseSetup - Screenshot captured: C:\Users\B-Mac-0002\eclipse-workspace\Nawat/Screenshots/ValidateViewOption.png
2025-03-31 21:04:52,246 [main] INFO  base.BaseSetup - Browser closed
2025-03-31 21:05:40,718 [main] INFO  base.BaseSetup - Opened browser and navigated to URL
2025-03-31 21:07:56,918 [main] INFO  base.BaseSetup - Screenshot captured: C:\Users\B-Mac-0002\eclipse-workspace\Nawat/Screenshots/ValidateViewOption.png
2025-03-31 21:07:58,305 [main] INFO  base.BaseSetup - Browser closed
2025-03-31 21:09:18,872 [main] INFO  base.BaseSetup - Opened browser and navigated to URL
2025-03-31 21:10:47,410 [main] INFO  base.BaseSetup - Opened browser and navigated to URL
2025-03-31 21:13:15,751 [main] INFO  base.BaseSetup - Opened browser and navigated to URL
